ERROR - 2025-07-02 08:28:23 --> Error connecting to the database: ErrorException: mysqli::real_connect(): php_network_getaddresses: getaddrinfo for sql111.infinityfree.com failed: No such host is known.  in C:\xampp\htdocs\Lab11Web_VueJS-main\Lab11Web_VueJS-main\ci4\system\Database\MySQLi\Connection.php:201
Stack trace:
#0 [internal function]: CodeIgniter\Debug\Exceptions->errorHandler(2, 'mysqli::real_co...', 'C:\\xampp\\htdocs...', 201)
#1 C:\xampp\htdocs\Lab11Web_VueJS-main\Lab11Web_VueJS-main\ci4\system\Database\MySQLi\Connection.php(201): mysqli->real_connect('sql111.infinity...', 'if0_39363212', Object(SensitiveParameterValue), 'if0_39363212_la...', 3306, '', 0)
#2 C:\xampp\htdocs\Lab11Web_VueJS-main\Lab11Web_VueJS-main\ci4\system\Database\BaseConnection.php(421): CodeIgniter\Database\MySQLi\Connection->connect(false)
#3 C:\xampp\htdocs\Lab11Web_VueJS-main\Lab11Web_VueJS-main\ci4\system\Database\BaseConnection.php(620): CodeIgniter\Database\BaseConnection->initialize()
#4 C:\xampp\htdocs\Lab11Web_VueJS-main\Lab11Web_VueJS-main\ci4\system\Database\BaseBuilder.php(1649): CodeIgniter\Database\BaseConnection->query('SELECT `artikel...', Array, false)
#5 C:\xampp\htdocs\Lab11Web_VueJS-main\Lab11Web_VueJS-main\ci4\app\Models\ArtikelModel.php(25): CodeIgniter\Database\BaseBuilder->get()
#6 C:\xampp\htdocs\Lab11Web_VueJS-main\Lab11Web_VueJS-main\ci4\app\Controllers\Artikel.php(17): App\Models\ArtikelModel->getArtikelDenganKategori()
#7 C:\xampp\htdocs\Lab11Web_VueJS-main\Lab11Web_VueJS-main\ci4\system\CodeIgniter.php(933): App\Controllers\Artikel->index()
#8 C:\xampp\htdocs\Lab11Web_VueJS-main\Lab11Web_VueJS-main\ci4\system\CodeIgniter.php(507): CodeIgniter\CodeIgniter->runController(Object(App\Controllers\Artikel))
#9 C:\xampp\htdocs\Lab11Web_VueJS-main\Lab11Web_VueJS-main\ci4\system\CodeIgniter.php(354): CodeIgniter\CodeIgniter->handleRequest(NULL, Object(Config\Cache), false)
#10 C:\xampp\htdocs\Lab11Web_VueJS-main\Lab11Web_VueJS-main\ci4\system\Boot.php(334): CodeIgniter\CodeIgniter->run()
#11 C:\xampp\htdocs\Lab11Web_VueJS-main\Lab11Web_VueJS-main\ci4\system\Boot.php(67): CodeIgniter\Boot::runCodeIgniter(Object(CodeIgniter\CodeIgniter))
#12 C:\xampp\htdocs\Lab11Web_VueJS-main\Lab11Web_VueJS-main\ci4\public\index.php(56): CodeIgniter\Boot::bootWeb(Object(Config\Paths))
#13 C:\xampp\htdocs\Lab11Web_VueJS-main\Lab11Web_VueJS-main\ci4\system\rewrite.php(44): require_once('C:\\xampp\\htdocs...')
#14 {main}

Next mysqli_sql_exception: php_network_getaddresses: getaddrinfo for sql111.infinityfree.com failed: No such host is known.  in C:\xampp\htdocs\Lab11Web_VueJS-main\Lab11Web_VueJS-main\ci4\system\Database\MySQLi\Connection.php:201
Stack trace:
#0 C:\xampp\htdocs\Lab11Web_VueJS-main\Lab11Web_VueJS-main\ci4\system\Database\MySQLi\Connection.php(201): mysqli->real_connect('sql111.infinity...', 'if0_39363212', Object(SensitiveParameterValue), 'if0_39363212_la...', 3306, '', 0)
#1 C:\xampp\htdocs\Lab11Web_VueJS-main\Lab11Web_VueJS-main\ci4\system\Database\BaseConnection.php(421): CodeIgniter\Database\MySQLi\Connection->connect(false)
#2 C:\xampp\htdocs\Lab11Web_VueJS-main\Lab11Web_VueJS-main\ci4\system\Database\BaseConnection.php(620): CodeIgniter\Database\BaseConnection->initialize()
#3 C:\xampp\htdocs\Lab11Web_VueJS-main\Lab11Web_VueJS-main\ci4\system\Database\BaseBuilder.php(1649): CodeIgniter\Database\BaseConnection->query('SELECT `artikel...', Array, false)
#4 C:\xampp\htdocs\Lab11Web_VueJS-main\Lab11Web_VueJS-main\ci4\app\Models\ArtikelModel.php(25): CodeIgniter\Database\BaseBuilder->get()
#5 C:\xampp\htdocs\Lab11Web_VueJS-main\Lab11Web_VueJS-main\ci4\app\Controllers\Artikel.php(17): App\Models\ArtikelModel->getArtikelDenganKategori()
#6 C:\xampp\htdocs\Lab11Web_VueJS-main\Lab11Web_VueJS-main\ci4\system\CodeIgniter.php(933): App\Controllers\Artikel->index()
#7 C:\xampp\htdocs\Lab11Web_VueJS-main\Lab11Web_VueJS-main\ci4\system\CodeIgniter.php(507): CodeIgniter\CodeIgniter->runController(Object(App\Controllers\Artikel))
#8 C:\xampp\htdocs\Lab11Web_VueJS-main\Lab11Web_VueJS-main\ci4\system\CodeIgniter.php(354): CodeIgniter\CodeIgniter->handleRequest(NULL, Object(Config\Cache), false)
#9 C:\xampp\htdocs\Lab11Web_VueJS-main\Lab11Web_VueJS-main\ci4\system\Boot.php(334): CodeIgniter\CodeIgniter->run()
#10 C:\xampp\htdocs\Lab11Web_VueJS-main\Lab11Web_VueJS-main\ci4\system\Boot.php(67): CodeIgniter\Boot::runCodeIgniter(Object(CodeIgniter\CodeIgniter))
#11 C:\xampp\htdocs\Lab11Web_VueJS-main\Lab11Web_VueJS-main\ci4\public\index.php(56): CodeIgniter\Boot::bootWeb(Object(Config\Paths))
#12 C:\xampp\htdocs\Lab11Web_VueJS-main\Lab11Web_VueJS-main\ci4\system\rewrite.php(44): require_once('C:\\xampp\\htdocs...')
#13 {main}

Next CodeIgniter\Database\Exceptions\DatabaseException: php_network_getaddresses: getaddrinfo for sql111.infinityfree.com failed: No such host is known.  in C:\xampp\htdocs\Lab11Web_VueJS-main\Lab11Web_VueJS-main\ci4\system\Database\MySQLi\Connection.php:246
Stack trace:
#0 C:\xampp\htdocs\Lab11Web_VueJS-main\Lab11Web_VueJS-main\ci4\system\Database\BaseConnection.php(421): CodeIgniter\Database\MySQLi\Connection->connect(false)
#1 C:\xampp\htdocs\Lab11Web_VueJS-main\Lab11Web_VueJS-main\ci4\system\Database\BaseConnection.php(620): CodeIgniter\Database\BaseConnection->initialize()
#2 C:\xampp\htdocs\Lab11Web_VueJS-main\Lab11Web_VueJS-main\ci4\system\Database\BaseBuilder.php(1649): CodeIgniter\Database\BaseConnection->query('SELECT `artikel...', Array, false)
#3 C:\xampp\htdocs\Lab11Web_VueJS-main\Lab11Web_VueJS-main\ci4\app\Models\ArtikelModel.php(25): CodeIgniter\Database\BaseBuilder->get()
#4 C:\xampp\htdocs\Lab11Web_VueJS-main\Lab11Web_VueJS-main\ci4\app\Controllers\Artikel.php(17): App\Models\ArtikelModel->getArtikelDenganKategori()
#5 C:\xampp\htdocs\Lab11Web_VueJS-main\Lab11Web_VueJS-main\ci4\system\CodeIgniter.php(933): App\Controllers\Artikel->index()
#6 C:\xampp\htdocs\Lab11Web_VueJS-main\Lab11Web_VueJS-main\ci4\system\CodeIgniter.php(507): CodeIgniter\CodeIgniter->runController(Object(App\Controllers\Artikel))
#7 C:\xampp\htdocs\Lab11Web_VueJS-main\Lab11Web_VueJS-main\ci4\system\CodeIgniter.php(354): CodeIgniter\CodeIgniter->handleRequest(NULL, Object(Config\Cache), false)
#8 C:\xampp\htdocs\Lab11Web_VueJS-main\Lab11Web_VueJS-main\ci4\system\Boot.php(334): CodeIgniter\CodeIgniter->run()
#9 C:\xampp\htdocs\Lab11Web_VueJS-main\Lab11Web_VueJS-main\ci4\system\Boot.php(67): CodeIgniter\Boot::runCodeIgniter(Object(CodeIgniter\CodeIgniter))
#10 C:\xampp\htdocs\Lab11Web_VueJS-main\Lab11Web_VueJS-main\ci4\public\index.php(56): CodeIgniter\Boot::bootWeb(Object(Config\Paths))
#11 C:\xampp\htdocs\Lab11Web_VueJS-main\Lab11Web_VueJS-main\ci4\system\rewrite.php(44): require_once('C:\\xampp\\htdocs...')
#12 {main}
CRITICAL - 2025-07-02 08:28:23 --> CodeIgniter\Database\Exceptions\DatabaseException: Unable to connect to the database.
Main connection [MySQLi]: php_network_getaddresses: getaddrinfo for sql111.infinityfree.com failed: No such host is known. 
[Method: GET, Route: artikel]
in SYSTEMPATH\Database\BaseConnection.php on line 467.
 1 SYSTEMPATH\Database\BaseConnection.php(620): CodeIgniter\Database\BaseConnection->initialize()
 2 SYSTEMPATH\Database\BaseBuilder.php(1649): CodeIgniter\Database\BaseConnection->query('SELECT `artikel`.*, `kategori`.`nama_kategori`
FROM `artikel`
JOIN `kategori` ON `kategori`.`id_kategori` = `artikel`.`id_kategori`', [], false)
 3 APPPATH\Models\ArtikelModel.php(25): CodeIgniter\Database\BaseBuilder->get()
 4 APPPATH\Controllers\Artikel.php(17): App\Models\ArtikelModel->getArtikelDenganKategori()
 5 SYSTEMPATH\CodeIgniter.php(933): App\Controllers\Artikel->index()
 6 SYSTEMPATH\CodeIgniter.php(507): CodeIgniter\CodeIgniter->runController(Object(App\Controllers\Artikel))
 7 SYSTEMPATH\CodeIgniter.php(354): CodeIgniter\CodeIgniter->handleRequest(null, Object(Config\Cache), false)
 8 SYSTEMPATH\Boot.php(334): CodeIgniter\CodeIgniter->run()
 9 SYSTEMPATH\Boot.php(67): CodeIgniter\Boot::runCodeIgniter(Object(CodeIgniter\CodeIgniter))
10 FCPATH\index.php(56): CodeIgniter\Boot::bootWeb(Object(Config\Paths))
11 SYSTEMPATH\rewrite.php(44): require_once('C:\\xampp\\htdocs\\Lab11Web_VueJS-main\\Lab11Web_VueJS-main\\ci4\\public\\index.php')
ERROR - 2025-07-02 08:31:12 --> Error connecting to the database: ErrorException: mysqli::real_connect(): php_network_getaddresses: getaddrinfo for sql111.infinityfree.com failed: No such host is known.  in C:\xampp\htdocs\Lab11Web_VueJS-main\Lab11Web_VueJS-main\ci4\system\Database\MySQLi\Connection.php:201
Stack trace:
#0 [internal function]: CodeIgniter\Debug\Exceptions->errorHandler(2, 'mysqli::real_co...', 'C:\\xampp\\htdocs...', 201)
#1 C:\xampp\htdocs\Lab11Web_VueJS-main\Lab11Web_VueJS-main\ci4\system\Database\MySQLi\Connection.php(201): mysqli->real_connect('sql111.infinity...', 'if0_39363212', Object(SensitiveParameterValue), 'if0_39363212_la...', 3306, '', 0)
#2 C:\xampp\htdocs\Lab11Web_VueJS-main\Lab11Web_VueJS-main\ci4\system\Database\BaseConnection.php(421): CodeIgniter\Database\MySQLi\Connection->connect(false)
#3 C:\xampp\htdocs\Lab11Web_VueJS-main\Lab11Web_VueJS-main\ci4\system\Database\BaseConnection.php(620): CodeIgniter\Database\BaseConnection->initialize()
#4 C:\xampp\htdocs\Lab11Web_VueJS-main\Lab11Web_VueJS-main\ci4\system\Database\BaseBuilder.php(1649): CodeIgniter\Database\BaseConnection->query('SELECT `artikel...', Array, false)
#5 C:\xampp\htdocs\Lab11Web_VueJS-main\Lab11Web_VueJS-main\ci4\app\Models\ArtikelModel.php(25): CodeIgniter\Database\BaseBuilder->get()
#6 C:\xampp\htdocs\Lab11Web_VueJS-main\Lab11Web_VueJS-main\ci4\app\Controllers\Artikel.php(17): App\Models\ArtikelModel->getArtikelDenganKategori()
#7 C:\xampp\htdocs\Lab11Web_VueJS-main\Lab11Web_VueJS-main\ci4\system\CodeIgniter.php(933): App\Controllers\Artikel->index()
#8 C:\xampp\htdocs\Lab11Web_VueJS-main\Lab11Web_VueJS-main\ci4\system\CodeIgniter.php(507): CodeIgniter\CodeIgniter->runController(Object(App\Controllers\Artikel))
#9 C:\xampp\htdocs\Lab11Web_VueJS-main\Lab11Web_VueJS-main\ci4\system\CodeIgniter.php(354): CodeIgniter\CodeIgniter->handleRequest(NULL, Object(Config\Cache), false)
#10 C:\xampp\htdocs\Lab11Web_VueJS-main\Lab11Web_VueJS-main\ci4\system\Boot.php(334): CodeIgniter\CodeIgniter->run()
#11 C:\xampp\htdocs\Lab11Web_VueJS-main\Lab11Web_VueJS-main\ci4\system\Boot.php(67): CodeIgniter\Boot::runCodeIgniter(Object(CodeIgniter\CodeIgniter))
#12 C:\xampp\htdocs\Lab11Web_VueJS-main\Lab11Web_VueJS-main\ci4\public\index.php(56): CodeIgniter\Boot::bootWeb(Object(Config\Paths))
#13 C:\xampp\htdocs\Lab11Web_VueJS-main\Lab11Web_VueJS-main\ci4\system\rewrite.php(44): require_once('C:\\xampp\\htdocs...')
#14 {main}

Next mysqli_sql_exception: php_network_getaddresses: getaddrinfo for sql111.infinityfree.com failed: No such host is known.  in C:\xampp\htdocs\Lab11Web_VueJS-main\Lab11Web_VueJS-main\ci4\system\Database\MySQLi\Connection.php:201
Stack trace:
#0 C:\xampp\htdocs\Lab11Web_VueJS-main\Lab11Web_VueJS-main\ci4\system\Database\MySQLi\Connection.php(201): mysqli->real_connect('sql111.infinity...', 'if0_39363212', Object(SensitiveParameterValue), 'if0_39363212_la...', 3306, '', 0)
#1 C:\xampp\htdocs\Lab11Web_VueJS-main\Lab11Web_VueJS-main\ci4\system\Database\BaseConnection.php(421): CodeIgniter\Database\MySQLi\Connection->connect(false)
#2 C:\xampp\htdocs\Lab11Web_VueJS-main\Lab11Web_VueJS-main\ci4\system\Database\BaseConnection.php(620): CodeIgniter\Database\BaseConnection->initialize()
#3 C:\xampp\htdocs\Lab11Web_VueJS-main\Lab11Web_VueJS-main\ci4\system\Database\BaseBuilder.php(1649): CodeIgniter\Database\BaseConnection->query('SELECT `artikel...', Array, false)
#4 C:\xampp\htdocs\Lab11Web_VueJS-main\Lab11Web_VueJS-main\ci4\app\Models\ArtikelModel.php(25): CodeIgniter\Database\BaseBuilder->get()
#5 C:\xampp\htdocs\Lab11Web_VueJS-main\Lab11Web_VueJS-main\ci4\app\Controllers\Artikel.php(17): App\Models\ArtikelModel->getArtikelDenganKategori()
#6 C:\xampp\htdocs\Lab11Web_VueJS-main\Lab11Web_VueJS-main\ci4\system\CodeIgniter.php(933): App\Controllers\Artikel->index()
#7 C:\xampp\htdocs\Lab11Web_VueJS-main\Lab11Web_VueJS-main\ci4\system\CodeIgniter.php(507): CodeIgniter\CodeIgniter->runController(Object(App\Controllers\Artikel))
#8 C:\xampp\htdocs\Lab11Web_VueJS-main\Lab11Web_VueJS-main\ci4\system\CodeIgniter.php(354): CodeIgniter\CodeIgniter->handleRequest(NULL, Object(Config\Cache), false)
#9 C:\xampp\htdocs\Lab11Web_VueJS-main\Lab11Web_VueJS-main\ci4\system\Boot.php(334): CodeIgniter\CodeIgniter->run()
#10 C:\xampp\htdocs\Lab11Web_VueJS-main\Lab11Web_VueJS-main\ci4\system\Boot.php(67): CodeIgniter\Boot::runCodeIgniter(Object(CodeIgniter\CodeIgniter))
#11 C:\xampp\htdocs\Lab11Web_VueJS-main\Lab11Web_VueJS-main\ci4\public\index.php(56): CodeIgniter\Boot::bootWeb(Object(Config\Paths))
#12 C:\xampp\htdocs\Lab11Web_VueJS-main\Lab11Web_VueJS-main\ci4\system\rewrite.php(44): require_once('C:\\xampp\\htdocs...')
#13 {main}

Next CodeIgniter\Database\Exceptions\DatabaseException: php_network_getaddresses: getaddrinfo for sql111.infinityfree.com failed: No such host is known.  in C:\xampp\htdocs\Lab11Web_VueJS-main\Lab11Web_VueJS-main\ci4\system\Database\MySQLi\Connection.php:246
Stack trace:
#0 C:\xampp\htdocs\Lab11Web_VueJS-main\Lab11Web_VueJS-main\ci4\system\Database\BaseConnection.php(421): CodeIgniter\Database\MySQLi\Connection->connect(false)
#1 C:\xampp\htdocs\Lab11Web_VueJS-main\Lab11Web_VueJS-main\ci4\system\Database\BaseConnection.php(620): CodeIgniter\Database\BaseConnection->initialize()
#2 C:\xampp\htdocs\Lab11Web_VueJS-main\Lab11Web_VueJS-main\ci4\system\Database\BaseBuilder.php(1649): CodeIgniter\Database\BaseConnection->query('SELECT `artikel...', Array, false)
#3 C:\xampp\htdocs\Lab11Web_VueJS-main\Lab11Web_VueJS-main\ci4\app\Models\ArtikelModel.php(25): CodeIgniter\Database\BaseBuilder->get()
#4 C:\xampp\htdocs\Lab11Web_VueJS-main\Lab11Web_VueJS-main\ci4\app\Controllers\Artikel.php(17): App\Models\ArtikelModel->getArtikelDenganKategori()
#5 C:\xampp\htdocs\Lab11Web_VueJS-main\Lab11Web_VueJS-main\ci4\system\CodeIgniter.php(933): App\Controllers\Artikel->index()
#6 C:\xampp\htdocs\Lab11Web_VueJS-main\Lab11Web_VueJS-main\ci4\system\CodeIgniter.php(507): CodeIgniter\CodeIgniter->runController(Object(App\Controllers\Artikel))
#7 C:\xampp\htdocs\Lab11Web_VueJS-main\Lab11Web_VueJS-main\ci4\system\CodeIgniter.php(354): CodeIgniter\CodeIgniter->handleRequest(NULL, Object(Config\Cache), false)
#8 C:\xampp\htdocs\Lab11Web_VueJS-main\Lab11Web_VueJS-main\ci4\system\Boot.php(334): CodeIgniter\CodeIgniter->run()
#9 C:\xampp\htdocs\Lab11Web_VueJS-main\Lab11Web_VueJS-main\ci4\system\Boot.php(67): CodeIgniter\Boot::runCodeIgniter(Object(CodeIgniter\CodeIgniter))
#10 C:\xampp\htdocs\Lab11Web_VueJS-main\Lab11Web_VueJS-main\ci4\public\index.php(56): CodeIgniter\Boot::bootWeb(Object(Config\Paths))
#11 C:\xampp\htdocs\Lab11Web_VueJS-main\Lab11Web_VueJS-main\ci4\system\rewrite.php(44): require_once('C:\\xampp\\htdocs...')
#12 {main}
CRITICAL - 2025-07-02 08:31:12 --> CodeIgniter\Database\Exceptions\DatabaseException: Unable to connect to the database.
Main connection [MySQLi]: php_network_getaddresses: getaddrinfo for sql111.infinityfree.com failed: No such host is known. 
[Method: GET, Route: artikel]
in SYSTEMPATH\Database\BaseConnection.php on line 467.
 1 SYSTEMPATH\Database\BaseConnection.php(620): CodeIgniter\Database\BaseConnection->initialize()
 2 SYSTEMPATH\Database\BaseBuilder.php(1649): CodeIgniter\Database\BaseConnection->query('SELECT `artikel`.*, `kategori`.`nama_kategori`
FROM `artikel`
JOIN `kategori` ON `kategori`.`id_kategori` = `artikel`.`id_kategori`', [], false)
 3 APPPATH\Models\ArtikelModel.php(25): CodeIgniter\Database\BaseBuilder->get()
 4 APPPATH\Controllers\Artikel.php(17): App\Models\ArtikelModel->getArtikelDenganKategori()
 5 SYSTEMPATH\CodeIgniter.php(933): App\Controllers\Artikel->index()
 6 SYSTEMPATH\CodeIgniter.php(507): CodeIgniter\CodeIgniter->runController(Object(App\Controllers\Artikel))
 7 SYSTEMPATH\CodeIgniter.php(354): CodeIgniter\CodeIgniter->handleRequest(null, Object(Config\Cache), false)
 8 SYSTEMPATH\Boot.php(334): CodeIgniter\CodeIgniter->run()
 9 SYSTEMPATH\Boot.php(67): CodeIgniter\Boot::runCodeIgniter(Object(CodeIgniter\CodeIgniter))
10 FCPATH\index.php(56): CodeIgniter\Boot::bootWeb(Object(Config\Paths))
11 SYSTEMPATH\rewrite.php(44): require_once('C:\\xampp\\htdocs\\Lab11Web_VueJS-main\\Lab11Web_VueJS-main\\ci4\\public\\index.php')
ERROR - 2025-07-02 08:33:57 --> Error connecting to the database: mysqli_sql_exception: Unknown database 'lab_ci4' in C:\xampp\htdocs\Lab11Web_VueJS-main\Lab11Web_VueJS-main\ci4\system\Database\MySQLi\Connection.php:201
Stack trace:
#0 C:\xampp\htdocs\Lab11Web_VueJS-main\Lab11Web_VueJS-main\ci4\system\Database\MySQLi\Connection.php(201): mysqli->real_connect('localhost', 'root', Object(SensitiveParameterValue), 'lab_ci4', 3306, '', 0)
#1 C:\xampp\htdocs\Lab11Web_VueJS-main\Lab11Web_VueJS-main\ci4\system\Database\BaseConnection.php(421): CodeIgniter\Database\MySQLi\Connection->connect(false)
#2 C:\xampp\htdocs\Lab11Web_VueJS-main\Lab11Web_VueJS-main\ci4\system\Database\BaseConnection.php(620): CodeIgniter\Database\BaseConnection->initialize()
#3 C:\xampp\htdocs\Lab11Web_VueJS-main\Lab11Web_VueJS-main\ci4\system\Database\BaseBuilder.php(1649): CodeIgniter\Database\BaseConnection->query('SELECT `artikel...', Array, false)
#4 C:\xampp\htdocs\Lab11Web_VueJS-main\Lab11Web_VueJS-main\ci4\app\Models\ArtikelModel.php(25): CodeIgniter\Database\BaseBuilder->get()
#5 C:\xampp\htdocs\Lab11Web_VueJS-main\Lab11Web_VueJS-main\ci4\app\Controllers\Artikel.php(17): App\Models\ArtikelModel->getArtikelDenganKategori()
#6 C:\xampp\htdocs\Lab11Web_VueJS-main\Lab11Web_VueJS-main\ci4\system\CodeIgniter.php(933): App\Controllers\Artikel->index()
#7 C:\xampp\htdocs\Lab11Web_VueJS-main\Lab11Web_VueJS-main\ci4\system\CodeIgniter.php(507): CodeIgniter\CodeIgniter->runController(Object(App\Controllers\Artikel))
#8 C:\xampp\htdocs\Lab11Web_VueJS-main\Lab11Web_VueJS-main\ci4\system\CodeIgniter.php(354): CodeIgniter\CodeIgniter->handleRequest(NULL, Object(Config\Cache), false)
#9 C:\xampp\htdocs\Lab11Web_VueJS-main\Lab11Web_VueJS-main\ci4\system\Boot.php(334): CodeIgniter\CodeIgniter->run()
#10 C:\xampp\htdocs\Lab11Web_VueJS-main\Lab11Web_VueJS-main\ci4\system\Boot.php(67): CodeIgniter\Boot::runCodeIgniter(Object(CodeIgniter\CodeIgniter))
#11 C:\xampp\htdocs\Lab11Web_VueJS-main\Lab11Web_VueJS-main\ci4\public\index.php(56): CodeIgniter\Boot::bootWeb(Object(Config\Paths))
#12 C:\xampp\htdocs\Lab11Web_VueJS-main\Lab11Web_VueJS-main\ci4\system\rewrite.php(44): require_once('C:\\xampp\\htdocs...')
#13 {main}

Next CodeIgniter\Database\Exceptions\DatabaseException: Unknown database 'lab_ci4' in C:\xampp\htdocs\Lab11Web_VueJS-main\Lab11Web_VueJS-main\ci4\system\Database\MySQLi\Connection.php:246
Stack trace:
#0 C:\xampp\htdocs\Lab11Web_VueJS-main\Lab11Web_VueJS-main\ci4\system\Database\BaseConnection.php(421): CodeIgniter\Database\MySQLi\Connection->connect(false)
#1 C:\xampp\htdocs\Lab11Web_VueJS-main\Lab11Web_VueJS-main\ci4\system\Database\BaseConnection.php(620): CodeIgniter\Database\BaseConnection->initialize()
#2 C:\xampp\htdocs\Lab11Web_VueJS-main\Lab11Web_VueJS-main\ci4\system\Database\BaseBuilder.php(1649): CodeIgniter\Database\BaseConnection->query('SELECT `artikel...', Array, false)
#3 C:\xampp\htdocs\Lab11Web_VueJS-main\Lab11Web_VueJS-main\ci4\app\Models\ArtikelModel.php(25): CodeIgniter\Database\BaseBuilder->get()
#4 C:\xampp\htdocs\Lab11Web_VueJS-main\Lab11Web_VueJS-main\ci4\app\Controllers\Artikel.php(17): App\Models\ArtikelModel->getArtikelDenganKategori()
#5 C:\xampp\htdocs\Lab11Web_VueJS-main\Lab11Web_VueJS-main\ci4\system\CodeIgniter.php(933): App\Controllers\Artikel->index()
#6 C:\xampp\htdocs\Lab11Web_VueJS-main\Lab11Web_VueJS-main\ci4\system\CodeIgniter.php(507): CodeIgniter\CodeIgniter->runController(Object(App\Controllers\Artikel))
#7 C:\xampp\htdocs\Lab11Web_VueJS-main\Lab11Web_VueJS-main\ci4\system\CodeIgniter.php(354): CodeIgniter\CodeIgniter->handleRequest(NULL, Object(Config\Cache), false)
#8 C:\xampp\htdocs\Lab11Web_VueJS-main\Lab11Web_VueJS-main\ci4\system\Boot.php(334): CodeIgniter\CodeIgniter->run()
#9 C:\xampp\htdocs\Lab11Web_VueJS-main\Lab11Web_VueJS-main\ci4\system\Boot.php(67): CodeIgniter\Boot::runCodeIgniter(Object(CodeIgniter\CodeIgniter))
#10 C:\xampp\htdocs\Lab11Web_VueJS-main\Lab11Web_VueJS-main\ci4\public\index.php(56): CodeIgniter\Boot::bootWeb(Object(Config\Paths))
#11 C:\xampp\htdocs\Lab11Web_VueJS-main\Lab11Web_VueJS-main\ci4\system\rewrite.php(44): require_once('C:\\xampp\\htdocs...')
#12 {main}
CRITICAL - 2025-07-02 08:33:57 --> CodeIgniter\Database\Exceptions\DatabaseException: Unable to connect to the database.
Main connection [MySQLi]: Unknown database 'lab_ci4'
[Method: GET, Route: artikel]
in SYSTEMPATH\Database\BaseConnection.php on line 467.
 1 SYSTEMPATH\Database\BaseConnection.php(620): CodeIgniter\Database\BaseConnection->initialize()
 2 SYSTEMPATH\Database\BaseBuilder.php(1649): CodeIgniter\Database\BaseConnection->query('SELECT `artikel`.*, `kategori`.`nama_kategori`
FROM `artikel`
JOIN `kategori` ON `kategori`.`id_kategori` = `artikel`.`id_kategori`', [], false)
 3 APPPATH\Models\ArtikelModel.php(25): CodeIgniter\Database\BaseBuilder->get()
 4 APPPATH\Controllers\Artikel.php(17): App\Models\ArtikelModel->getArtikelDenganKategori()
 5 SYSTEMPATH\CodeIgniter.php(933): App\Controllers\Artikel->index()
 6 SYSTEMPATH\CodeIgniter.php(507): CodeIgniter\CodeIgniter->runController(Object(App\Controllers\Artikel))
 7 SYSTEMPATH\CodeIgniter.php(354): CodeIgniter\CodeIgniter->handleRequest(null, Object(Config\Cache), false)
 8 SYSTEMPATH\Boot.php(334): CodeIgniter\CodeIgniter->run()
 9 SYSTEMPATH\Boot.php(67): CodeIgniter\Boot::runCodeIgniter(Object(CodeIgniter\CodeIgniter))
10 FCPATH\index.php(56): CodeIgniter\Boot::bootWeb(Object(Config\Paths))
11 SYSTEMPATH\rewrite.php(44): require_once('C:\\xampp\\htdocs\\Lab11Web_VueJS-main\\Lab11Web_VueJS-main\\ci4\\public\\index.php')
ERROR - 2025-07-02 08:33:59 --> Error connecting to the database: mysqli_sql_exception: Unknown database 'lab_ci4' in C:\xampp\htdocs\Lab11Web_VueJS-main\Lab11Web_VueJS-main\ci4\system\Database\MySQLi\Connection.php:201
Stack trace:
#0 C:\xampp\htdocs\Lab11Web_VueJS-main\Lab11Web_VueJS-main\ci4\system\Database\MySQLi\Connection.php(201): mysqli->real_connect('localhost', 'root', Object(SensitiveParameterValue), 'lab_ci4', 3306, '', 0)
#1 C:\xampp\htdocs\Lab11Web_VueJS-main\Lab11Web_VueJS-main\ci4\system\Database\BaseConnection.php(421): CodeIgniter\Database\MySQLi\Connection->connect(false)
#2 C:\xampp\htdocs\Lab11Web_VueJS-main\Lab11Web_VueJS-main\ci4\system\Database\BaseConnection.php(620): CodeIgniter\Database\BaseConnection->initialize()
#3 C:\xampp\htdocs\Lab11Web_VueJS-main\Lab11Web_VueJS-main\ci4\system\Database\BaseBuilder.php(1649): CodeIgniter\Database\BaseConnection->query('SELECT `artikel...', Array, false)
#4 C:\xampp\htdocs\Lab11Web_VueJS-main\Lab11Web_VueJS-main\ci4\app\Models\ArtikelModel.php(25): CodeIgniter\Database\BaseBuilder->get()
#5 C:\xampp\htdocs\Lab11Web_VueJS-main\Lab11Web_VueJS-main\ci4\app\Controllers\Artikel.php(17): App\Models\ArtikelModel->getArtikelDenganKategori()
#6 C:\xampp\htdocs\Lab11Web_VueJS-main\Lab11Web_VueJS-main\ci4\system\CodeIgniter.php(933): App\Controllers\Artikel->index()
#7 C:\xampp\htdocs\Lab11Web_VueJS-main\Lab11Web_VueJS-main\ci4\system\CodeIgniter.php(507): CodeIgniter\CodeIgniter->runController(Object(App\Controllers\Artikel))
#8 C:\xampp\htdocs\Lab11Web_VueJS-main\Lab11Web_VueJS-main\ci4\system\CodeIgniter.php(354): CodeIgniter\CodeIgniter->handleRequest(NULL, Object(Config\Cache), false)
#9 C:\xampp\htdocs\Lab11Web_VueJS-main\Lab11Web_VueJS-main\ci4\system\Boot.php(334): CodeIgniter\CodeIgniter->run()
#10 C:\xampp\htdocs\Lab11Web_VueJS-main\Lab11Web_VueJS-main\ci4\system\Boot.php(67): CodeIgniter\Boot::runCodeIgniter(Object(CodeIgniter\CodeIgniter))
#11 C:\xampp\htdocs\Lab11Web_VueJS-main\Lab11Web_VueJS-main\ci4\public\index.php(56): CodeIgniter\Boot::bootWeb(Object(Config\Paths))
#12 C:\xampp\htdocs\Lab11Web_VueJS-main\Lab11Web_VueJS-main\ci4\system\rewrite.php(44): require_once('C:\\xampp\\htdocs...')
#13 {main}

Next CodeIgniter\Database\Exceptions\DatabaseException: Unknown database 'lab_ci4' in C:\xampp\htdocs\Lab11Web_VueJS-main\Lab11Web_VueJS-main\ci4\system\Database\MySQLi\Connection.php:246
Stack trace:
#0 C:\xampp\htdocs\Lab11Web_VueJS-main\Lab11Web_VueJS-main\ci4\system\Database\BaseConnection.php(421): CodeIgniter\Database\MySQLi\Connection->connect(false)
#1 C:\xampp\htdocs\Lab11Web_VueJS-main\Lab11Web_VueJS-main\ci4\system\Database\BaseConnection.php(620): CodeIgniter\Database\BaseConnection->initialize()
#2 C:\xampp\htdocs\Lab11Web_VueJS-main\Lab11Web_VueJS-main\ci4\system\Database\BaseBuilder.php(1649): CodeIgniter\Database\BaseConnection->query('SELECT `artikel...', Array, false)
#3 C:\xampp\htdocs\Lab11Web_VueJS-main\Lab11Web_VueJS-main\ci4\app\Models\ArtikelModel.php(25): CodeIgniter\Database\BaseBuilder->get()
#4 C:\xampp\htdocs\Lab11Web_VueJS-main\Lab11Web_VueJS-main\ci4\app\Controllers\Artikel.php(17): App\Models\ArtikelModel->getArtikelDenganKategori()
#5 C:\xampp\htdocs\Lab11Web_VueJS-main\Lab11Web_VueJS-main\ci4\system\CodeIgniter.php(933): App\Controllers\Artikel->index()
#6 C:\xampp\htdocs\Lab11Web_VueJS-main\Lab11Web_VueJS-main\ci4\system\CodeIgniter.php(507): CodeIgniter\CodeIgniter->runController(Object(App\Controllers\Artikel))
#7 C:\xampp\htdocs\Lab11Web_VueJS-main\Lab11Web_VueJS-main\ci4\system\CodeIgniter.php(354): CodeIgniter\CodeIgniter->handleRequest(NULL, Object(Config\Cache), false)
#8 C:\xampp\htdocs\Lab11Web_VueJS-main\Lab11Web_VueJS-main\ci4\system\Boot.php(334): CodeIgniter\CodeIgniter->run()
#9 C:\xampp\htdocs\Lab11Web_VueJS-main\Lab11Web_VueJS-main\ci4\system\Boot.php(67): CodeIgniter\Boot::runCodeIgniter(Object(CodeIgniter\CodeIgniter))
#10 C:\xampp\htdocs\Lab11Web_VueJS-main\Lab11Web_VueJS-main\ci4\public\index.php(56): CodeIgniter\Boot::bootWeb(Object(Config\Paths))
#11 C:\xampp\htdocs\Lab11Web_VueJS-main\Lab11Web_VueJS-main\ci4\system\rewrite.php(44): require_once('C:\\xampp\\htdocs...')
#12 {main}
CRITICAL - 2025-07-02 08:33:59 --> CodeIgniter\Database\Exceptions\DatabaseException: Unable to connect to the database.
Main connection [MySQLi]: Unknown database 'lab_ci4'
[Method: GET, Route: artikel]
in SYSTEMPATH\Database\BaseConnection.php on line 467.
 1 SYSTEMPATH\Database\BaseConnection.php(620): CodeIgniter\Database\BaseConnection->initialize()
 2 SYSTEMPATH\Database\BaseBuilder.php(1649): CodeIgniter\Database\BaseConnection->query('SELECT `artikel`.*, `kategori`.`nama_kategori`
FROM `artikel`
JOIN `kategori` ON `kategori`.`id_kategori` = `artikel`.`id_kategori`', [], false)
 3 APPPATH\Models\ArtikelModel.php(25): CodeIgniter\Database\BaseBuilder->get()
 4 APPPATH\Controllers\Artikel.php(17): App\Models\ArtikelModel->getArtikelDenganKategori()
 5 SYSTEMPATH\CodeIgniter.php(933): App\Controllers\Artikel->index()
 6 SYSTEMPATH\CodeIgniter.php(507): CodeIgniter\CodeIgniter->runController(Object(App\Controllers\Artikel))
 7 SYSTEMPATH\CodeIgniter.php(354): CodeIgniter\CodeIgniter->handleRequest(null, Object(Config\Cache), false)
 8 SYSTEMPATH\Boot.php(334): CodeIgniter\CodeIgniter->run()
 9 SYSTEMPATH\Boot.php(67): CodeIgniter\Boot::runCodeIgniter(Object(CodeIgniter\CodeIgniter))
10 FCPATH\index.php(56): CodeIgniter\Boot::bootWeb(Object(Config\Paths))
11 SYSTEMPATH\rewrite.php(44): require_once('C:\\xampp\\htdocs\\Lab11Web_VueJS-main\\Lab11Web_VueJS-main\\ci4\\public\\index.php')
ERROR - 2025-07-02 08:36:06 --> Error connecting to the database: mysqli_sql_exception: Unknown database 'lab_ci4' in C:\xampp\htdocs\Lab11Web_VueJS-main\Lab11Web_VueJS-main\ci4\system\Database\MySQLi\Connection.php:201
Stack trace:
#0 C:\xampp\htdocs\Lab11Web_VueJS-main\Lab11Web_VueJS-main\ci4\system\Database\MySQLi\Connection.php(201): mysqli->real_connect('localhost', 'root', Object(SensitiveParameterValue), 'lab_ci4', 3306, '', 0)
#1 C:\xampp\htdocs\Lab11Web_VueJS-main\Lab11Web_VueJS-main\ci4\system\Database\BaseConnection.php(421): CodeIgniter\Database\MySQLi\Connection->connect(false)
#2 C:\xampp\htdocs\Lab11Web_VueJS-main\Lab11Web_VueJS-main\ci4\system\Database\BaseConnection.php(620): CodeIgniter\Database\BaseConnection->initialize()
#3 C:\xampp\htdocs\Lab11Web_VueJS-main\Lab11Web_VueJS-main\ci4\system\Database\BaseBuilder.php(1649): CodeIgniter\Database\BaseConnection->query('SELECT `artikel...', Array, false)
#4 C:\xampp\htdocs\Lab11Web_VueJS-main\Lab11Web_VueJS-main\ci4\app\Models\ArtikelModel.php(25): CodeIgniter\Database\BaseBuilder->get()
#5 C:\xampp\htdocs\Lab11Web_VueJS-main\Lab11Web_VueJS-main\ci4\app\Controllers\Artikel.php(17): App\Models\ArtikelModel->getArtikelDenganKategori()
#6 C:\xampp\htdocs\Lab11Web_VueJS-main\Lab11Web_VueJS-main\ci4\system\CodeIgniter.php(933): App\Controllers\Artikel->index()
#7 C:\xampp\htdocs\Lab11Web_VueJS-main\Lab11Web_VueJS-main\ci4\system\CodeIgniter.php(507): CodeIgniter\CodeIgniter->runController(Object(App\Controllers\Artikel))
#8 C:\xampp\htdocs\Lab11Web_VueJS-main\Lab11Web_VueJS-main\ci4\system\CodeIgniter.php(354): CodeIgniter\CodeIgniter->handleRequest(NULL, Object(Config\Cache), false)
#9 C:\xampp\htdocs\Lab11Web_VueJS-main\Lab11Web_VueJS-main\ci4\system\Boot.php(334): CodeIgniter\CodeIgniter->run()
#10 C:\xampp\htdocs\Lab11Web_VueJS-main\Lab11Web_VueJS-main\ci4\system\Boot.php(67): CodeIgniter\Boot::runCodeIgniter(Object(CodeIgniter\CodeIgniter))
#11 C:\xampp\htdocs\Lab11Web_VueJS-main\Lab11Web_VueJS-main\ci4\public\index.php(56): CodeIgniter\Boot::bootWeb(Object(Config\Paths))
#12 C:\xampp\htdocs\Lab11Web_VueJS-main\Lab11Web_VueJS-main\ci4\system\rewrite.php(44): require_once('C:\\xampp\\htdocs...')
#13 {main}

Next CodeIgniter\Database\Exceptions\DatabaseException: Unknown database 'lab_ci4' in C:\xampp\htdocs\Lab11Web_VueJS-main\Lab11Web_VueJS-main\ci4\system\Database\MySQLi\Connection.php:246
Stack trace:
#0 C:\xampp\htdocs\Lab11Web_VueJS-main\Lab11Web_VueJS-main\ci4\system\Database\BaseConnection.php(421): CodeIgniter\Database\MySQLi\Connection->connect(false)
#1 C:\xampp\htdocs\Lab11Web_VueJS-main\Lab11Web_VueJS-main\ci4\system\Database\BaseConnection.php(620): CodeIgniter\Database\BaseConnection->initialize()
#2 C:\xampp\htdocs\Lab11Web_VueJS-main\Lab11Web_VueJS-main\ci4\system\Database\BaseBuilder.php(1649): CodeIgniter\Database\BaseConnection->query('SELECT `artikel...', Array, false)
#3 C:\xampp\htdocs\Lab11Web_VueJS-main\Lab11Web_VueJS-main\ci4\app\Models\ArtikelModel.php(25): CodeIgniter\Database\BaseBuilder->get()
#4 C:\xampp\htdocs\Lab11Web_VueJS-main\Lab11Web_VueJS-main\ci4\app\Controllers\Artikel.php(17): App\Models\ArtikelModel->getArtikelDenganKategori()
#5 C:\xampp\htdocs\Lab11Web_VueJS-main\Lab11Web_VueJS-main\ci4\system\CodeIgniter.php(933): App\Controllers\Artikel->index()
#6 C:\xampp\htdocs\Lab11Web_VueJS-main\Lab11Web_VueJS-main\ci4\system\CodeIgniter.php(507): CodeIgniter\CodeIgniter->runController(Object(App\Controllers\Artikel))
#7 C:\xampp\htdocs\Lab11Web_VueJS-main\Lab11Web_VueJS-main\ci4\system\CodeIgniter.php(354): CodeIgniter\CodeIgniter->handleRequest(NULL, Object(Config\Cache), false)
#8 C:\xampp\htdocs\Lab11Web_VueJS-main\Lab11Web_VueJS-main\ci4\system\Boot.php(334): CodeIgniter\CodeIgniter->run()
#9 C:\xampp\htdocs\Lab11Web_VueJS-main\Lab11Web_VueJS-main\ci4\system\Boot.php(67): CodeIgniter\Boot::runCodeIgniter(Object(CodeIgniter\CodeIgniter))
#10 C:\xampp\htdocs\Lab11Web_VueJS-main\Lab11Web_VueJS-main\ci4\public\index.php(56): CodeIgniter\Boot::bootWeb(Object(Config\Paths))
#11 C:\xampp\htdocs\Lab11Web_VueJS-main\Lab11Web_VueJS-main\ci4\system\rewrite.php(44): require_once('C:\\xampp\\htdocs...')
#12 {main}
CRITICAL - 2025-07-02 08:36:06 --> CodeIgniter\Database\Exceptions\DatabaseException: Unable to connect to the database.
Main connection [MySQLi]: Unknown database 'lab_ci4'
[Method: GET, Route: artikel]
in SYSTEMPATH\Database\BaseConnection.php on line 467.
 1 SYSTEMPATH\Database\BaseConnection.php(620): CodeIgniter\Database\BaseConnection->initialize()
 2 SYSTEMPATH\Database\BaseBuilder.php(1649): CodeIgniter\Database\BaseConnection->query('SELECT `artikel`.*, `kategori`.`nama_kategori`
FROM `artikel`
JOIN `kategori` ON `kategori`.`id_kategori` = `artikel`.`id_kategori`', [], false)
 3 APPPATH\Models\ArtikelModel.php(25): CodeIgniter\Database\BaseBuilder->get()
 4 APPPATH\Controllers\Artikel.php(17): App\Models\ArtikelModel->getArtikelDenganKategori()
 5 SYSTEMPATH\CodeIgniter.php(933): App\Controllers\Artikel->index()
 6 SYSTEMPATH\CodeIgniter.php(507): CodeIgniter\CodeIgniter->runController(Object(App\Controllers\Artikel))
 7 SYSTEMPATH\CodeIgniter.php(354): CodeIgniter\CodeIgniter->handleRequest(null, Object(Config\Cache), false)
 8 SYSTEMPATH\Boot.php(334): CodeIgniter\CodeIgniter->run()
 9 SYSTEMPATH\Boot.php(67): CodeIgniter\Boot::runCodeIgniter(Object(CodeIgniter\CodeIgniter))
10 FCPATH\index.php(56): CodeIgniter\Boot::bootWeb(Object(Config\Paths))
11 SYSTEMPATH\rewrite.php(44): require_once('C:\\xampp\\htdocs\\Lab11Web_VueJS-main\\Lab11Web_VueJS-main\\ci4\\public\\index.php')
ERROR - 2025-07-02 08:45:32 --> mysqli_sql_exception: Table 'lab_ci4.kategori' doesn't exist in C:\xampp\htdocs\Lab11Web_VueJS-main\Lab11Web_VueJS-main\ci4\system\Database\MySQLi\Connection.php:327
Stack trace:
#0 C:\xampp\htdocs\Lab11Web_VueJS-main\Lab11Web_VueJS-main\ci4\system\Database\MySQLi\Connection.php(327): mysqli->query('SELECT `artikel...', 0)
#1 C:\xampp\htdocs\Lab11Web_VueJS-main\Lab11Web_VueJS-main\ci4\system\Database\BaseConnection.php(738): CodeIgniter\Database\MySQLi\Connection->execute('SELECT `artikel...')
#2 C:\xampp\htdocs\Lab11Web_VueJS-main\Lab11Web_VueJS-main\ci4\system\Database\BaseConnection.php(652): CodeIgniter\Database\BaseConnection->simpleQuery('SELECT `artikel...')
#3 C:\xampp\htdocs\Lab11Web_VueJS-main\Lab11Web_VueJS-main\ci4\system\Database\BaseBuilder.php(1649): CodeIgniter\Database\BaseConnection->query('SELECT `artikel...', Array, false)
#4 C:\xampp\htdocs\Lab11Web_VueJS-main\Lab11Web_VueJS-main\ci4\app\Models\ArtikelModel.php(25): CodeIgniter\Database\BaseBuilder->get()
#5 C:\xampp\htdocs\Lab11Web_VueJS-main\Lab11Web_VueJS-main\ci4\app\Controllers\Artikel.php(17): App\Models\ArtikelModel->getArtikelDenganKategori()
#6 C:\xampp\htdocs\Lab11Web_VueJS-main\Lab11Web_VueJS-main\ci4\system\CodeIgniter.php(933): App\Controllers\Artikel->index()
#7 C:\xampp\htdocs\Lab11Web_VueJS-main\Lab11Web_VueJS-main\ci4\system\CodeIgniter.php(507): CodeIgniter\CodeIgniter->runController(Object(App\Controllers\Artikel))
#8 C:\xampp\htdocs\Lab11Web_VueJS-main\Lab11Web_VueJS-main\ci4\system\CodeIgniter.php(354): CodeIgniter\CodeIgniter->handleRequest(NULL, Object(Config\Cache), false)
#9 C:\xampp\htdocs\Lab11Web_VueJS-main\Lab11Web_VueJS-main\ci4\system\Boot.php(334): CodeIgniter\CodeIgniter->run()
#10 C:\xampp\htdocs\Lab11Web_VueJS-main\Lab11Web_VueJS-main\ci4\system\Boot.php(67): CodeIgniter\Boot::runCodeIgniter(Object(CodeIgniter\CodeIgniter))
#11 C:\xampp\htdocs\Lab11Web_VueJS-main\Lab11Web_VueJS-main\ci4\public\index.php(56): CodeIgniter\Boot::bootWeb(Object(Config\Paths))
#12 C:\xampp\htdocs\Lab11Web_VueJS-main\Lab11Web_VueJS-main\ci4\system\rewrite.php(44): require_once('C:\\xampp\\htdocs...')
#13 {main}
CRITICAL - 2025-07-02 08:45:32 --> CodeIgniter\Database\Exceptions\DatabaseException: Table 'lab_ci4.kategori' doesn't exist
[Method: GET, Route: artikel]
in SYSTEMPATH\Database\BaseConnection.php on line 692.
 1 SYSTEMPATH\Database\BaseBuilder.php(1649): CodeIgniter\Database\BaseConnection->query('SELECT `artikel`.*, `kategori`.`nama_kategori`
FROM `artikel`
JOIN `kategori` ON `kategori`.`id_kategori` = `artikel`.`id_kategori`', [], false)
 2 APPPATH\Models\ArtikelModel.php(25): CodeIgniter\Database\BaseBuilder->get()
 3 APPPATH\Controllers\Artikel.php(17): App\Models\ArtikelModel->getArtikelDenganKategori()
 4 SYSTEMPATH\CodeIgniter.php(933): App\Controllers\Artikel->index()
 5 SYSTEMPATH\CodeIgniter.php(507): CodeIgniter\CodeIgniter->runController(Object(App\Controllers\Artikel))
 6 SYSTEMPATH\CodeIgniter.php(354): CodeIgniter\CodeIgniter->handleRequest(null, Object(Config\Cache), false)
 7 SYSTEMPATH\Boot.php(334): CodeIgniter\CodeIgniter->run()
 8 SYSTEMPATH\Boot.php(67): CodeIgniter\Boot::runCodeIgniter(Object(CodeIgniter\CodeIgniter))
 9 FCPATH\index.php(56): CodeIgniter\Boot::bootWeb(Object(Config\Paths))
10 SYSTEMPATH\rewrite.php(44): require_once('C:\\xampp\\htdocs\\Lab11Web_VueJS-main\\Lab11Web_VueJS-main\\ci4\\public\\index.php')
CRITICAL - 2025-07-02 08:45:32 --> [Caused by] CodeIgniter\Database\Exceptions\DatabaseException: Table 'lab_ci4.kategori' doesn't exist
in SYSTEMPATH\Database\MySQLi\Connection.php on line 332.
 1 SYSTEMPATH\Database\BaseConnection.php(738): CodeIgniter\Database\MySQLi\Connection->execute('SELECT `artikel`.*, `kategori`.`nama_kategori`
FROM `artikel`
JOIN `kategori` ON `kategori`.`id_kategori` = `artikel`.`id_kategori`')
 2 SYSTEMPATH\Database\BaseConnection.php(652): CodeIgniter\Database\BaseConnection->simpleQuery('SELECT `artikel`.*, `kategori`.`nama_kategori`
FROM `artikel`
JOIN `kategori` ON `kategori`.`id_kategori` = `artikel`.`id_kategori`')
 3 SYSTEMPATH\Database\BaseBuilder.php(1649): CodeIgniter\Database\BaseConnection->query('SELECT `artikel`.*, `kategori`.`nama_kategori`
FROM `artikel`
JOIN `kategori` ON `kategori`.`id_kategori` = `artikel`.`id_kategori`', [], false)
 4 APPPATH\Models\ArtikelModel.php(25): CodeIgniter\Database\BaseBuilder->get()
 5 APPPATH\Controllers\Artikel.php(17): App\Models\ArtikelModel->getArtikelDenganKategori()
 6 SYSTEMPATH\CodeIgniter.php(933): App\Controllers\Artikel->index()
 7 SYSTEMPATH\CodeIgniter.php(507): CodeIgniter\CodeIgniter->runController(Object(App\Controllers\Artikel))
 8 SYSTEMPATH\CodeIgniter.php(354): CodeIgniter\CodeIgniter->handleRequest(null, Object(Config\Cache), false)
 9 SYSTEMPATH\Boot.php(334): CodeIgniter\CodeIgniter->run()
10 SYSTEMPATH\Boot.php(67): CodeIgniter\Boot::runCodeIgniter(Object(CodeIgniter\CodeIgniter))
11 FCPATH\index.php(56): CodeIgniter\Boot::bootWeb(Object(Config\Paths))
12 SYSTEMPATH\rewrite.php(44): require_once('C:\\xampp\\htdocs\\Lab11Web_VueJS-main\\Lab11Web_VueJS-main\\ci4\\public\\index.php')
CRITICAL - 2025-07-02 08:45:32 --> [Caused by] mysqli_sql_exception: Table 'lab_ci4.kategori' doesn't exist
in SYSTEMPATH\Database\MySQLi\Connection.php on line 327.
 1 SYSTEMPATH\Database\MySQLi\Connection.php(327): mysqli->query('SELECT `artikel`.*, `kategori`.`nama_kategori`
FROM `artikel`
JOIN `kategori` ON `kategori`.`id_kategori` = `artikel`.`id_kategori`', 0)
 2 SYSTEMPATH\Database\BaseConnection.php(738): CodeIgniter\Database\MySQLi\Connection->execute('SELECT `artikel`.*, `kategori`.`nama_kategori`
FROM `artikel`
JOIN `kategori` ON `kategori`.`id_kategori` = `artikel`.`id_kategori`')
 3 SYSTEMPATH\Database\BaseConnection.php(652): CodeIgniter\Database\BaseConnection->simpleQuery('SELECT `artikel`.*, `kategori`.`nama_kategori`
FROM `artikel`
JOIN `kategori` ON `kategori`.`id_kategori` = `artikel`.`id_kategori`')
 4 SYSTEMPATH\Database\BaseBuilder.php(1649): CodeIgniter\Database\BaseConnection->query('SELECT `artikel`.*, `kategori`.`nama_kategori`
FROM `artikel`
JOIN `kategori` ON `kategori`.`id_kategori` = `artikel`.`id_kategori`', [], false)
 5 APPPATH\Models\ArtikelModel.php(25): CodeIgniter\Database\BaseBuilder->get()
 6 APPPATH\Controllers\Artikel.php(17): App\Models\ArtikelModel->getArtikelDenganKategori()
 7 SYSTEMPATH\CodeIgniter.php(933): App\Controllers\Artikel->index()
 8 SYSTEMPATH\CodeIgniter.php(507): CodeIgniter\CodeIgniter->runController(Object(App\Controllers\Artikel))
 9 SYSTEMPATH\CodeIgniter.php(354): CodeIgniter\CodeIgniter->handleRequest(null, Object(Config\Cache), false)
10 SYSTEMPATH\Boot.php(334): CodeIgniter\CodeIgniter->run()
11 SYSTEMPATH\Boot.php(67): CodeIgniter\Boot::runCodeIgniter(Object(CodeIgniter\CodeIgniter))
12 FCPATH\index.php(56): CodeIgniter\Boot::bootWeb(Object(Config\Paths))
13 SYSTEMPATH\rewrite.php(44): require_once('C:\\xampp\\htdocs\\Lab11Web_VueJS-main\\Lab11Web_VueJS-main\\ci4\\public\\index.php')
ERROR - 2025-07-02 08:45:34 --> mysqli_sql_exception: Table 'lab_ci4.kategori' doesn't exist in C:\xampp\htdocs\Lab11Web_VueJS-main\Lab11Web_VueJS-main\ci4\system\Database\MySQLi\Connection.php:327
Stack trace:
#0 C:\xampp\htdocs\Lab11Web_VueJS-main\Lab11Web_VueJS-main\ci4\system\Database\MySQLi\Connection.php(327): mysqli->query('SELECT `artikel...', 0)
#1 C:\xampp\htdocs\Lab11Web_VueJS-main\Lab11Web_VueJS-main\ci4\system\Database\BaseConnection.php(738): CodeIgniter\Database\MySQLi\Connection->execute('SELECT `artikel...')
#2 C:\xampp\htdocs\Lab11Web_VueJS-main\Lab11Web_VueJS-main\ci4\system\Database\BaseConnection.php(652): CodeIgniter\Database\BaseConnection->simpleQuery('SELECT `artikel...')
#3 C:\xampp\htdocs\Lab11Web_VueJS-main\Lab11Web_VueJS-main\ci4\system\Database\BaseBuilder.php(1649): CodeIgniter\Database\BaseConnection->query('SELECT `artikel...', Array, false)
#4 C:\xampp\htdocs\Lab11Web_VueJS-main\Lab11Web_VueJS-main\ci4\app\Models\ArtikelModel.php(25): CodeIgniter\Database\BaseBuilder->get()
#5 C:\xampp\htdocs\Lab11Web_VueJS-main\Lab11Web_VueJS-main\ci4\app\Controllers\Artikel.php(17): App\Models\ArtikelModel->getArtikelDenganKategori()
#6 C:\xampp\htdocs\Lab11Web_VueJS-main\Lab11Web_VueJS-main\ci4\system\CodeIgniter.php(933): App\Controllers\Artikel->index()
#7 C:\xampp\htdocs\Lab11Web_VueJS-main\Lab11Web_VueJS-main\ci4\system\CodeIgniter.php(507): CodeIgniter\CodeIgniter->runController(Object(App\Controllers\Artikel))
#8 C:\xampp\htdocs\Lab11Web_VueJS-main\Lab11Web_VueJS-main\ci4\system\CodeIgniter.php(354): CodeIgniter\CodeIgniter->handleRequest(NULL, Object(Config\Cache), false)
#9 C:\xampp\htdocs\Lab11Web_VueJS-main\Lab11Web_VueJS-main\ci4\system\Boot.php(334): CodeIgniter\CodeIgniter->run()
#10 C:\xampp\htdocs\Lab11Web_VueJS-main\Lab11Web_VueJS-main\ci4\system\Boot.php(67): CodeIgniter\Boot::runCodeIgniter(Object(CodeIgniter\CodeIgniter))
#11 C:\xampp\htdocs\Lab11Web_VueJS-main\Lab11Web_VueJS-main\ci4\public\index.php(56): CodeIgniter\Boot::bootWeb(Object(Config\Paths))
#12 C:\xampp\htdocs\Lab11Web_VueJS-main\Lab11Web_VueJS-main\ci4\system\rewrite.php(44): require_once('C:\\xampp\\htdocs...')
#13 {main}
CRITICAL - 2025-07-02 08:45:34 --> CodeIgniter\Database\Exceptions\DatabaseException: Table 'lab_ci4.kategori' doesn't exist
[Method: GET, Route: artikel]
in SYSTEMPATH\Database\BaseConnection.php on line 692.
 1 SYSTEMPATH\Database\BaseBuilder.php(1649): CodeIgniter\Database\BaseConnection->query('SELECT `artikel`.*, `kategori`.`nama_kategori`
FROM `artikel`
JOIN `kategori` ON `kategori`.`id_kategori` = `artikel`.`id_kategori`', [], false)
 2 APPPATH\Models\ArtikelModel.php(25): CodeIgniter\Database\BaseBuilder->get()
 3 APPPATH\Controllers\Artikel.php(17): App\Models\ArtikelModel->getArtikelDenganKategori()
 4 SYSTEMPATH\CodeIgniter.php(933): App\Controllers\Artikel->index()
 5 SYSTEMPATH\CodeIgniter.php(507): CodeIgniter\CodeIgniter->runController(Object(App\Controllers\Artikel))
 6 SYSTEMPATH\CodeIgniter.php(354): CodeIgniter\CodeIgniter->handleRequest(null, Object(Config\Cache), false)
 7 SYSTEMPATH\Boot.php(334): CodeIgniter\CodeIgniter->run()
 8 SYSTEMPATH\Boot.php(67): CodeIgniter\Boot::runCodeIgniter(Object(CodeIgniter\CodeIgniter))
 9 FCPATH\index.php(56): CodeIgniter\Boot::bootWeb(Object(Config\Paths))
10 SYSTEMPATH\rewrite.php(44): require_once('C:\\xampp\\htdocs\\Lab11Web_VueJS-main\\Lab11Web_VueJS-main\\ci4\\public\\index.php')
CRITICAL - 2025-07-02 08:45:34 --> [Caused by] CodeIgniter\Database\Exceptions\DatabaseException: Table 'lab_ci4.kategori' doesn't exist
in SYSTEMPATH\Database\MySQLi\Connection.php on line 332.
 1 SYSTEMPATH\Database\BaseConnection.php(738): CodeIgniter\Database\MySQLi\Connection->execute('SELECT `artikel`.*, `kategori`.`nama_kategori`
FROM `artikel`
JOIN `kategori` ON `kategori`.`id_kategori` = `artikel`.`id_kategori`')
 2 SYSTEMPATH\Database\BaseConnection.php(652): CodeIgniter\Database\BaseConnection->simpleQuery('SELECT `artikel`.*, `kategori`.`nama_kategori`
FROM `artikel`
JOIN `kategori` ON `kategori`.`id_kategori` = `artikel`.`id_kategori`')
 3 SYSTEMPATH\Database\BaseBuilder.php(1649): CodeIgniter\Database\BaseConnection->query('SELECT `artikel`.*, `kategori`.`nama_kategori`
FROM `artikel`
JOIN `kategori` ON `kategori`.`id_kategori` = `artikel`.`id_kategori`', [], false)
 4 APPPATH\Models\ArtikelModel.php(25): CodeIgniter\Database\BaseBuilder->get()
 5 APPPATH\Controllers\Artikel.php(17): App\Models\ArtikelModel->getArtikelDenganKategori()
 6 SYSTEMPATH\CodeIgniter.php(933): App\Controllers\Artikel->index()
 7 SYSTEMPATH\CodeIgniter.php(507): CodeIgniter\CodeIgniter->runController(Object(App\Controllers\Artikel))
 8 SYSTEMPATH\CodeIgniter.php(354): CodeIgniter\CodeIgniter->handleRequest(null, Object(Config\Cache), false)
 9 SYSTEMPATH\Boot.php(334): CodeIgniter\CodeIgniter->run()
10 SYSTEMPATH\Boot.php(67): CodeIgniter\Boot::runCodeIgniter(Object(CodeIgniter\CodeIgniter))
11 FCPATH\index.php(56): CodeIgniter\Boot::bootWeb(Object(Config\Paths))
12 SYSTEMPATH\rewrite.php(44): require_once('C:\\xampp\\htdocs\\Lab11Web_VueJS-main\\Lab11Web_VueJS-main\\ci4\\public\\index.php')
CRITICAL - 2025-07-02 08:45:34 --> [Caused by] mysqli_sql_exception: Table 'lab_ci4.kategori' doesn't exist
in SYSTEMPATH\Database\MySQLi\Connection.php on line 327.
 1 SYSTEMPATH\Database\MySQLi\Connection.php(327): mysqli->query('SELECT `artikel`.*, `kategori`.`nama_kategori`
FROM `artikel`
JOIN `kategori` ON `kategori`.`id_kategori` = `artikel`.`id_kategori`', 0)
 2 SYSTEMPATH\Database\BaseConnection.php(738): CodeIgniter\Database\MySQLi\Connection->execute('SELECT `artikel`.*, `kategori`.`nama_kategori`
FROM `artikel`
JOIN `kategori` ON `kategori`.`id_kategori` = `artikel`.`id_kategori`')
 3 SYSTEMPATH\Database\BaseConnection.php(652): CodeIgniter\Database\BaseConnection->simpleQuery('SELECT `artikel`.*, `kategori`.`nama_kategori`
FROM `artikel`
JOIN `kategori` ON `kategori`.`id_kategori` = `artikel`.`id_kategori`')
 4 SYSTEMPATH\Database\BaseBuilder.php(1649): CodeIgniter\Database\BaseConnection->query('SELECT `artikel`.*, `kategori`.`nama_kategori`
FROM `artikel`
JOIN `kategori` ON `kategori`.`id_kategori` = `artikel`.`id_kategori`', [], false)
 5 APPPATH\Models\ArtikelModel.php(25): CodeIgniter\Database\BaseBuilder->get()
 6 APPPATH\Controllers\Artikel.php(17): App\Models\ArtikelModel->getArtikelDenganKategori()
 7 SYSTEMPATH\CodeIgniter.php(933): App\Controllers\Artikel->index()
 8 SYSTEMPATH\CodeIgniter.php(507): CodeIgniter\CodeIgniter->runController(Object(App\Controllers\Artikel))
 9 SYSTEMPATH\CodeIgniter.php(354): CodeIgniter\CodeIgniter->handleRequest(null, Object(Config\Cache), false)
10 SYSTEMPATH\Boot.php(334): CodeIgniter\CodeIgniter->run()
11 SYSTEMPATH\Boot.php(67): CodeIgniter\Boot::runCodeIgniter(Object(CodeIgniter\CodeIgniter))
12 FCPATH\index.php(56): CodeIgniter\Boot::bootWeb(Object(Config\Paths))
13 SYSTEMPATH\rewrite.php(44): require_once('C:\\xampp\\htdocs\\Lab11Web_VueJS-main\\Lab11Web_VueJS-main\\ci4\\public\\index.php')
ERROR - 2025-07-02 08:48:14 --> mysqli_sql_exception: Unknown column 'artikel.id_kategori' in 'on clause' in C:\xampp\htdocs\Lab11Web_VueJS-main\Lab11Web_VueJS-main\ci4\system\Database\MySQLi\Connection.php:327
Stack trace:
#0 C:\xampp\htdocs\Lab11Web_VueJS-main\Lab11Web_VueJS-main\ci4\system\Database\MySQLi\Connection.php(327): mysqli->query('SELECT `artikel...', 0)
#1 C:\xampp\htdocs\Lab11Web_VueJS-main\Lab11Web_VueJS-main\ci4\system\Database\BaseConnection.php(738): CodeIgniter\Database\MySQLi\Connection->execute('SELECT `artikel...')
#2 C:\xampp\htdocs\Lab11Web_VueJS-main\Lab11Web_VueJS-main\ci4\system\Database\BaseConnection.php(652): CodeIgniter\Database\BaseConnection->simpleQuery('SELECT `artikel...')
#3 C:\xampp\htdocs\Lab11Web_VueJS-main\Lab11Web_VueJS-main\ci4\system\Database\BaseBuilder.php(1649): CodeIgniter\Database\BaseConnection->query('SELECT `artikel...', Array, false)
#4 C:\xampp\htdocs\Lab11Web_VueJS-main\Lab11Web_VueJS-main\ci4\app\Models\ArtikelModel.php(25): CodeIgniter\Database\BaseBuilder->get()
#5 C:\xampp\htdocs\Lab11Web_VueJS-main\Lab11Web_VueJS-main\ci4\app\Controllers\Artikel.php(17): App\Models\ArtikelModel->getArtikelDenganKategori()
#6 C:\xampp\htdocs\Lab11Web_VueJS-main\Lab11Web_VueJS-main\ci4\system\CodeIgniter.php(933): App\Controllers\Artikel->index()
#7 C:\xampp\htdocs\Lab11Web_VueJS-main\Lab11Web_VueJS-main\ci4\system\CodeIgniter.php(507): CodeIgniter\CodeIgniter->runController(Object(App\Controllers\Artikel))
#8 C:\xampp\htdocs\Lab11Web_VueJS-main\Lab11Web_VueJS-main\ci4\system\CodeIgniter.php(354): CodeIgniter\CodeIgniter->handleRequest(NULL, Object(Config\Cache), false)
#9 C:\xampp\htdocs\Lab11Web_VueJS-main\Lab11Web_VueJS-main\ci4\system\Boot.php(334): CodeIgniter\CodeIgniter->run()
#10 C:\xampp\htdocs\Lab11Web_VueJS-main\Lab11Web_VueJS-main\ci4\system\Boot.php(67): CodeIgniter\Boot::runCodeIgniter(Object(CodeIgniter\CodeIgniter))
#11 C:\xampp\htdocs\Lab11Web_VueJS-main\Lab11Web_VueJS-main\ci4\public\index.php(56): CodeIgniter\Boot::bootWeb(Object(Config\Paths))
#12 C:\xampp\htdocs\Lab11Web_VueJS-main\Lab11Web_VueJS-main\ci4\system\rewrite.php(44): require_once('C:\\xampp\\htdocs...')
#13 {main}
CRITICAL - 2025-07-02 08:48:14 --> CodeIgniter\Database\Exceptions\DatabaseException: Unknown column 'artikel.id_kategori' in 'on clause'
[Method: GET, Route: artikel]
in SYSTEMPATH\Database\BaseConnection.php on line 692.
 1 SYSTEMPATH\Database\BaseBuilder.php(1649): CodeIgniter\Database\BaseConnection->query('SELECT `artikel`.*, `kategori`.`nama_kategori`
FROM `artikel`
JOIN `kategori` ON `kategori`.`id_kategori` = `artikel`.`id_kategori`', [], false)
 2 APPPATH\Models\ArtikelModel.php(25): CodeIgniter\Database\BaseBuilder->get()
 3 APPPATH\Controllers\Artikel.php(17): App\Models\ArtikelModel->getArtikelDenganKategori()
 4 SYSTEMPATH\CodeIgniter.php(933): App\Controllers\Artikel->index()
 5 SYSTEMPATH\CodeIgniter.php(507): CodeIgniter\CodeIgniter->runController(Object(App\Controllers\Artikel))
 6 SYSTEMPATH\CodeIgniter.php(354): CodeIgniter\CodeIgniter->handleRequest(null, Object(Config\Cache), false)
 7 SYSTEMPATH\Boot.php(334): CodeIgniter\CodeIgniter->run()
 8 SYSTEMPATH\Boot.php(67): CodeIgniter\Boot::runCodeIgniter(Object(CodeIgniter\CodeIgniter))
 9 FCPATH\index.php(56): CodeIgniter\Boot::bootWeb(Object(Config\Paths))
10 SYSTEMPATH\rewrite.php(44): require_once('C:\\xampp\\htdocs\\Lab11Web_VueJS-main\\Lab11Web_VueJS-main\\ci4\\public\\index.php')
CRITICAL - 2025-07-02 08:48:14 --> [Caused by] CodeIgniter\Database\Exceptions\DatabaseException: Unknown column 'artikel.id_kategori' in 'on clause'
in SYSTEMPATH\Database\MySQLi\Connection.php on line 332.
 1 SYSTEMPATH\Database\BaseConnection.php(738): CodeIgniter\Database\MySQLi\Connection->execute('SELECT `artikel`.*, `kategori`.`nama_kategori`
FROM `artikel`
JOIN `kategori` ON `kategori`.`id_kategori` = `artikel`.`id_kategori`')
 2 SYSTEMPATH\Database\BaseConnection.php(652): CodeIgniter\Database\BaseConnection->simpleQuery('SELECT `artikel`.*, `kategori`.`nama_kategori`
FROM `artikel`
JOIN `kategori` ON `kategori`.`id_kategori` = `artikel`.`id_kategori`')
 3 SYSTEMPATH\Database\BaseBuilder.php(1649): CodeIgniter\Database\BaseConnection->query('SELECT `artikel`.*, `kategori`.`nama_kategori`
FROM `artikel`
JOIN `kategori` ON `kategori`.`id_kategori` = `artikel`.`id_kategori`', [], false)
 4 APPPATH\Models\ArtikelModel.php(25): CodeIgniter\Database\BaseBuilder->get()
 5 APPPATH\Controllers\Artikel.php(17): App\Models\ArtikelModel->getArtikelDenganKategori()
 6 SYSTEMPATH\CodeIgniter.php(933): App\Controllers\Artikel->index()
 7 SYSTEMPATH\CodeIgniter.php(507): CodeIgniter\CodeIgniter->runController(Object(App\Controllers\Artikel))
 8 SYSTEMPATH\CodeIgniter.php(354): CodeIgniter\CodeIgniter->handleRequest(null, Object(Config\Cache), false)
 9 SYSTEMPATH\Boot.php(334): CodeIgniter\CodeIgniter->run()
10 SYSTEMPATH\Boot.php(67): CodeIgniter\Boot::runCodeIgniter(Object(CodeIgniter\CodeIgniter))
11 FCPATH\index.php(56): CodeIgniter\Boot::bootWeb(Object(Config\Paths))
12 SYSTEMPATH\rewrite.php(44): require_once('C:\\xampp\\htdocs\\Lab11Web_VueJS-main\\Lab11Web_VueJS-main\\ci4\\public\\index.php')
CRITICAL - 2025-07-02 08:48:14 --> [Caused by] mysqli_sql_exception: Unknown column 'artikel.id_kategori' in 'on clause'
in SYSTEMPATH\Database\MySQLi\Connection.php on line 327.
 1 SYSTEMPATH\Database\MySQLi\Connection.php(327): mysqli->query('SELECT `artikel`.*, `kategori`.`nama_kategori`
FROM `artikel`
JOIN `kategori` ON `kategori`.`id_kategori` = `artikel`.`id_kategori`', 0)
 2 SYSTEMPATH\Database\BaseConnection.php(738): CodeIgniter\Database\MySQLi\Connection->execute('SELECT `artikel`.*, `kategori`.`nama_kategori`
FROM `artikel`
JOIN `kategori` ON `kategori`.`id_kategori` = `artikel`.`id_kategori`')
 3 SYSTEMPATH\Database\BaseConnection.php(652): CodeIgniter\Database\BaseConnection->simpleQuery('SELECT `artikel`.*, `kategori`.`nama_kategori`
FROM `artikel`
JOIN `kategori` ON `kategori`.`id_kategori` = `artikel`.`id_kategori`')
 4 SYSTEMPATH\Database\BaseBuilder.php(1649): CodeIgniter\Database\BaseConnection->query('SELECT `artikel`.*, `kategori`.`nama_kategori`
FROM `artikel`
JOIN `kategori` ON `kategori`.`id_kategori` = `artikel`.`id_kategori`', [], false)
 5 APPPATH\Models\ArtikelModel.php(25): CodeIgniter\Database\BaseBuilder->get()
 6 APPPATH\Controllers\Artikel.php(17): App\Models\ArtikelModel->getArtikelDenganKategori()
 7 SYSTEMPATH\CodeIgniter.php(933): App\Controllers\Artikel->index()
 8 SYSTEMPATH\CodeIgniter.php(507): CodeIgniter\CodeIgniter->runController(Object(App\Controllers\Artikel))
 9 SYSTEMPATH\CodeIgniter.php(354): CodeIgniter\CodeIgniter->handleRequest(null, Object(Config\Cache), false)
10 SYSTEMPATH\Boot.php(334): CodeIgniter\CodeIgniter->run()
11 SYSTEMPATH\Boot.php(67): CodeIgniter\Boot::runCodeIgniter(Object(CodeIgniter\CodeIgniter))
12 FCPATH\index.php(56): CodeIgniter\Boot::bootWeb(Object(Config\Paths))
13 SYSTEMPATH\rewrite.php(44): require_once('C:\\xampp\\htdocs\\Lab11Web_VueJS-main\\Lab11Web_VueJS-main\\ci4\\public\\index.php')
DEBUG - 2025-07-02 09:00:23 --> Session: Class initialized using 'CodeIgniter\Session\Handlers\FileHandler' driver.
DEBUG - 2025-07-02 09:00:24 --> Session: Class initialized using 'CodeIgniter\Session\Handlers\FileHandler' driver.
DEBUG - 2025-07-02 09:02:28 --> Session: Class initialized using 'CodeIgniter\Session\Handlers\FileHandler' driver.
DEBUG - 2025-07-02 09:02:28 --> Session: Class initialized using 'CodeIgniter\Session\Handlers\FileHandler' driver.
DEBUG - 2025-07-02 09:03:37 --> Session: Class initialized using 'CodeIgniter\Session\Handlers\FileHandler' driver.
DEBUG - 2025-07-02 09:03:37 --> Session: Class initialized using 'CodeIgniter\Session\Handlers\FileHandler' driver.
DEBUG - 2025-07-02 09:06:03 --> Session: Class initialized using 'CodeIgniter\Session\Handlers\FileHandler' driver.
DEBUG - 2025-07-02 09:06:03 --> Session: Class initialized using 'CodeIgniter\Session\Handlers\FileHandler' driver.
DEBUG - 2025-07-02 09:06:04 --> Session: Class initialized using 'CodeIgniter\Session\Handlers\FileHandler' driver.
DEBUG - 2025-07-02 09:06:12 --> Session: Class initialized using 'CodeIgniter\Session\Handlers\FileHandler' driver.
DEBUG - 2025-07-02 09:06:18 --> Session: Class initialized using 'CodeIgniter\Session\Handlers\FileHandler' driver.
DEBUG - 2025-07-02 09:06:18 --> Session: Class initialized using 'CodeIgniter\Session\Handlers\FileHandler' driver.
DEBUG - 2025-07-02 09:06:24 --> Session: Class initialized using 'CodeIgniter\Session\Handlers\FileHandler' driver.
DEBUG - 2025-07-02 09:06:33 --> Session: Class initialized using 'CodeIgniter\Session\Handlers\FileHandler' driver.
DEBUG - 2025-07-02 09:06:34 --> Session: Class initialized using 'CodeIgniter\Session\Handlers\FileHandler' driver.
DEBUG - 2025-07-02 09:06:40 --> Session: Class initialized using 'CodeIgniter\Session\Handlers\FileHandler' driver.
