DEBUG - 2025-07-07 00:58:54 --> Session: Class initialized using 'CodeIgniter\Session\Handlers\FileHandler' driver.
DEBUG - 2025-07-07 00:58:55 --> Session: Class initialized using 'CodeIgniter\Session\Handlers\FileHandler' driver.
DEBUG - 2025-07-07 01:03:10 --> Session: Class initialized using 'CodeIgniter\Session\Handlers\FileHandler' driver.
DEBUG - 2025-07-07 01:03:25 --> Session: Class initialized using 'CodeIgniter\Session\Handlers\FileHandler' driver.
DEBUG - 2025-07-07 01:03:25 --> Session: Class initialized using 'CodeIgniter\Session\Handlers\FileHandler' driver.
DEBUG - 2025-07-07 01:03:26 --> Session: Class initialized using 'CodeIgniter\Session\Handlers\FileHandler' driver.
DEBUG - 2025-07-07 01:03:33 --> Session: Class initialized using 'CodeIgniter\Session\Handlers\FileHandler' driver.
DEBUG - 2025-07-07 01:04:16 --> Session: Class initialized using 'CodeIgniter\Session\Handlers\FileHandler' driver.
DEBUG - 2025-07-07 01:04:16 --> Session: Class initialized using 'CodeIgniter\Session\Handlers\FileHandler' driver.
DEBUG - 2025-07-07 01:04:27 --> Session: Class initialized using 'CodeIgniter\Session\Handlers\FileHandler' driver.
DEBUG - 2025-07-07 01:04:27 --> Session: Class initialized using 'CodeIgniter\Session\Handlers\FileHandler' driver.
DEBUG - 2025-07-07 01:04:34 --> Session: Class initialized using 'CodeIgniter\Session\Handlers\FileHandler' driver.
DEBUG - 2025-07-07 01:07:38 --> Session: Class initialized using 'CodeIgniter\Session\Handlers\FileHandler' driver.
DEBUG - 2025-07-07 01:07:38 --> Session: Class initialized using 'CodeIgniter\Session\Handlers\FileHandler' driver.
DEBUG - 2025-07-07 01:10:11 --> Session: Class initialized using 'CodeIgniter\Session\Handlers\FileHandler' driver.
ERROR - 2025-07-07 01:24:31 --> mysqli_sql_exception: Cannot add or update a child row: a foreign key constraint fails (`lab_ci4`.`artikel`, CONSTRAINT `fk_kategori_artikel` FOREIGN KEY (`id_kategori`) REFERENCES `kategori` (`id_kategori`)) in C:\xampp\htdocs\lab11_ci\ci4\system\Database\MySQLi\Connection.php:327
Stack trace:
#0 C:\xampp\htdocs\lab11_ci\ci4\system\Database\MySQLi\Connection.php(327): mysqli->query('INSERT INTO `ar...', 0)
#1 C:\xampp\htdocs\lab11_ci\ci4\system\Database\BaseConnection.php(738): CodeIgniter\Database\MySQLi\Connection->execute('INSERT INTO `ar...')
#2 C:\xampp\htdocs\lab11_ci\ci4\system\Database\BaseConnection.php(652): CodeIgniter\Database\BaseConnection->simpleQuery('INSERT INTO `ar...')
#3 C:\xampp\htdocs\lab11_ci\ci4\system\Database\BaseBuilder.php(2345): CodeIgniter\Database\BaseConnection->query('INSERT INTO `ar...', Array, false)
#4 C:\xampp\htdocs\lab11_ci\ci4\system\Model.php(394): CodeIgniter\Database\BaseBuilder->insert()
#5 C:\xampp\htdocs\lab11_ci\ci4\system\BaseModel.php(839): CodeIgniter\Model->doInsert(Array)
#6 C:\xampp\htdocs\lab11_ci\ci4\system\Model.php(800): CodeIgniter\BaseModel->insert(Array, true)
#7 C:\xampp\htdocs\lab11_ci\ci4\app\Controllers\Post.php(27): CodeIgniter\Model->insert(Array)
#8 C:\xampp\htdocs\lab11_ci\ci4\system\CodeIgniter.php(933): App\Controllers\Post->create()
#9 C:\xampp\htdocs\lab11_ci\ci4\system\CodeIgniter.php(507): CodeIgniter\CodeIgniter->runController(Object(App\Controllers\Post))
#10 C:\xampp\htdocs\lab11_ci\ci4\system\CodeIgniter.php(354): CodeIgniter\CodeIgniter->handleRequest(NULL, Object(Config\Cache), false)
#11 C:\xampp\htdocs\lab11_ci\ci4\system\Boot.php(334): CodeIgniter\CodeIgniter->run()
#12 C:\xampp\htdocs\lab11_ci\ci4\system\Boot.php(67): CodeIgniter\Boot::runCodeIgniter(Object(CodeIgniter\CodeIgniter))
#13 C:\xampp\htdocs\lab11_ci\ci4\public\index.php(56): CodeIgniter\Boot::bootWeb(Object(Config\Paths))
#14 {main}
CRITICAL - 2025-07-07 01:24:31 --> CodeIgniter\Database\Exceptions\DatabaseException: Cannot add or update a child row: a foreign key constraint fails (`lab_ci4`.`artikel`, CONSTRAINT `fk_kategori_artikel` FOREIGN KEY (`id_kategori`) REFERENCES `kategori` (`id_kategori`))
[Method: POST, Route: post]
in SYSTEMPATH\Database\BaseConnection.php on line 692.
 1 SYSTEMPATH\Database\BaseBuilder.php(2345): CodeIgniter\Database\BaseConnection->query('INSERT INTO `artikel` (`judul`, `isi`) VALUES (:judul:, :isi:)', [...], false)
 2 SYSTEMPATH\Model.php(394): CodeIgniter\Database\BaseBuilder->insert()
 3 SYSTEMPATH\BaseModel.php(839): CodeIgniter\Model->doInsert([...])
 4 SYSTEMPATH\Model.php(800): CodeIgniter\BaseModel->insert([...], true)
 5 APPPATH\Controllers\Post.php(27): CodeIgniter\Model->insert([...])
 6 SYSTEMPATH\CodeIgniter.php(933): App\Controllers\Post->create()
 7 SYSTEMPATH\CodeIgniter.php(507): CodeIgniter\CodeIgniter->runController(Object(App\Controllers\Post))
 8 SYSTEMPATH\CodeIgniter.php(354): CodeIgniter\CodeIgniter->handleRequest(null, Object(Config\Cache), false)
 9 SYSTEMPATH\Boot.php(334): CodeIgniter\CodeIgniter->run()
10 SYSTEMPATH\Boot.php(67): CodeIgniter\Boot::runCodeIgniter(Object(CodeIgniter\CodeIgniter))
11 FCPATH\index.php(56): CodeIgniter\Boot::bootWeb(Object(Config\Paths))
CRITICAL - 2025-07-07 01:24:31 --> [Caused by] CodeIgniter\Database\Exceptions\DatabaseException: Cannot add or update a child row: a foreign key constraint fails (`lab_ci4`.`artikel`, CONSTRAINT `fk_kategori_artikel` FOREIGN KEY (`id_kategori`) REFERENCES `kategori` (`id_kategori`))
in SYSTEMPATH\Database\MySQLi\Connection.php on line 332.
 1 SYSTEMPATH\Database\BaseConnection.php(738): CodeIgniter\Database\MySQLi\Connection->execute('INSERT INTO `artikel` (`judul`, `isi`) VALUES (\'Rahasia Sehat Tanpa Repot: 5 Keajaiban Olahraga Ringan yang Sering Diremehkan\', \'Banyak orang mengira olahraga harus intens dan melelahkan untuk berdampak. Padahal, konsistensi melakukan gerakan ringan justru kunci kesehatan jangka panjang. Berikut 5 manfaat ajaib olahraga ringan yang bisa Anda dapatkan mulai hari ini:\\n\\nPembangkit Mood Instan & Pengusir Stres:\\nAktivitas fisik ringan seperti jalan cepat atau bersepeda santai memicu produksi endorfin dan serotonin—hormon alami peningkat suasana hati. Hanya 15-20 menit saja bisa mengurangi kecemasan, membuat pikiran lebih jernih, dan memberi energi positif sepanjang hari.\\n\\nJantung Kuat & Tekanan Darah Terjaga:\\nOlahraga ringan secara teratur (seperti berenang pelan atau senam aerobik low-impact) melatih jantung bekerja lebih efisien. Ini membantu menurunkan tekanan darah, mengurangi risiko stroke, dan memperlancar sirkulasi darah tanpa membebani tubuh.\\n\\nPenjaga Berat Badan & Pengendali Nafsu Makan:\\nGerakan konsisten membakar kalori bertahap dan meningkatkan metabolisme. Bonusnya: olahraga ringan membantu menyeimbangkan hormon pengatur lapar (ghrelin dan leptin), sehingga Anda lebih mudah mengontrol keinginan ngemil berlebihan.\\n\\nPeningkat Kualitas Tidur & Penambah Energi:\\nRutin bergerak membantu mengatur ritme sirkadian (jam biologis tubuh). Olahraga pagi atau sore memberi sinyal jelas pada tubuh kapan waktunya beraktivitas dan kapan harus beristirahat. Hasilnya? Tidur lebih nyenyak dan bangun pagi lebih segar!\\n\\nPelindung Sendi & Peningkat Mobilitas:\\nAktivitas low-impact seperti yoga, tai chi, atau jalan kaki memelihara kelenturan sendi dan kekuatan otot pendukungnya. Gerakan teratur juga memproduksi cairan pelumas sendi alami, mengurangi kekakuan, dan mencegah nyeri kronis seiring usia.\\n\\nKesimpulan:\\nAnda tak perlu jadi atlet untuk hidup sehat. Konsistensi mengalahkan intensitas. Mulailah dengan hal kecil:\\n\\nParkir lebih jauh dari pintu masuk\\n\\nNaik tangga ketimbang lift\\n\\nJalan kaki 10 menit setelah makan malam\\n\\nIkuti video senam ringan 15 menit di rumah\\n\\nRahasia sesungguhnya? Olahraga ringan yang dilakukan rutin jauh lebih bermakna daripada sesi berat yang hanya bertahan seminggu. Dengarkan tubuh, nikmati prosesnya, dan sambut hidup yang lebih gesit dan berenergi! ✨\\n\\n\\"Gerakan sekecil apa pun, jika konsisten, adalah investasi tak ternilai untuk tubuhmu di masa depan.\\"\\n\')')
 2 SYSTEMPATH\Database\BaseConnection.php(652): CodeIgniter\Database\BaseConnection->simpleQuery('INSERT INTO `artikel` (`judul`, `isi`) VALUES (\'Rahasia Sehat Tanpa Repot: 5 Keajaiban Olahraga Ringan yang Sering Diremehkan\', \'Banyak orang mengira olahraga harus intens dan melelahkan untuk berdampak. Padahal, konsistensi melakukan gerakan ringan justru kunci kesehatan jangka panjang. Berikut 5 manfaat ajaib olahraga ringan yang bisa Anda dapatkan mulai hari ini:\\n\\nPembangkit Mood Instan & Pengusir Stres:\\nAktivitas fisik ringan seperti jalan cepat atau bersepeda santai memicu produksi endorfin dan serotonin—hormon alami peningkat suasana hati. Hanya 15-20 menit saja bisa mengurangi kecemasan, membuat pikiran lebih jernih, dan memberi energi positif sepanjang hari.\\n\\nJantung Kuat & Tekanan Darah Terjaga:\\nOlahraga ringan secara teratur (seperti berenang pelan atau senam aerobik low-impact) melatih jantung bekerja lebih efisien. Ini membantu menurunkan tekanan darah, mengurangi risiko stroke, dan memperlancar sirkulasi darah tanpa membebani tubuh.\\n\\nPenjaga Berat Badan & Pengendali Nafsu Makan:\\nGerakan konsisten membakar kalori bertahap dan meningkatkan metabolisme. Bonusnya: olahraga ringan membantu menyeimbangkan hormon pengatur lapar (ghrelin dan leptin), sehingga Anda lebih mudah mengontrol keinginan ngemil berlebihan.\\n\\nPeningkat Kualitas Tidur & Penambah Energi:\\nRutin bergerak membantu mengatur ritme sirkadian (jam biologis tubuh). Olahraga pagi atau sore memberi sinyal jelas pada tubuh kapan waktunya beraktivitas dan kapan harus beristirahat. Hasilnya? Tidur lebih nyenyak dan bangun pagi lebih segar!\\n\\nPelindung Sendi & Peningkat Mobilitas:\\nAktivitas low-impact seperti yoga, tai chi, atau jalan kaki memelihara kelenturan sendi dan kekuatan otot pendukungnya. Gerakan teratur juga memproduksi cairan pelumas sendi alami, mengurangi kekakuan, dan mencegah nyeri kronis seiring usia.\\n\\nKesimpulan:\\nAnda tak perlu jadi atlet untuk hidup sehat. Konsistensi mengalahkan intensitas. Mulailah dengan hal kecil:\\n\\nParkir lebih jauh dari pintu masuk\\n\\nNaik tangga ketimbang lift\\n\\nJalan kaki 10 menit setelah makan malam\\n\\nIkuti video senam ringan 15 menit di rumah\\n\\nRahasia sesungguhnya? Olahraga ringan yang dilakukan rutin jauh lebih bermakna daripada sesi berat yang hanya bertahan seminggu. Dengarkan tubuh, nikmati prosesnya, dan sambut hidup yang lebih gesit dan berenergi! ✨\\n\\n\\"Gerakan sekecil apa pun, jika konsisten, adalah investasi tak ternilai untuk tubuhmu di masa depan.\\"\\n\')')
 3 SYSTEMPATH\Database\BaseBuilder.php(2345): CodeIgniter\Database\BaseConnection->query('INSERT INTO `artikel` (`judul`, `isi`) VALUES (:judul:, :isi:)', [...], false)
 4 SYSTEMPATH\Model.php(394): CodeIgniter\Database\BaseBuilder->insert()
 5 SYSTEMPATH\BaseModel.php(839): CodeIgniter\Model->doInsert([...])
 6 SYSTEMPATH\Model.php(800): CodeIgniter\BaseModel->insert([...], true)
 7 APPPATH\Controllers\Post.php(27): CodeIgniter\Model->insert([...])
 8 SYSTEMPATH\CodeIgniter.php(933): App\Controllers\Post->create()
 9 SYSTEMPATH\CodeIgniter.php(507): CodeIgniter\CodeIgniter->runController(Object(App\Controllers\Post))
10 SYSTEMPATH\CodeIgniter.php(354): CodeIgniter\CodeIgniter->handleRequest(null, Object(Config\Cache), false)
11 SYSTEMPATH\Boot.php(334): CodeIgniter\CodeIgniter->run()
12 SYSTEMPATH\Boot.php(67): CodeIgniter\Boot::runCodeIgniter(Object(CodeIgniter\CodeIgniter))
13 FCPATH\index.php(56): CodeIgniter\Boot::bootWeb(Object(Config\Paths))
CRITICAL - 2025-07-07 01:24:31 --> [Caused by] mysqli_sql_exception: Cannot add or update a child row: a foreign key constraint fails (`lab_ci4`.`artikel`, CONSTRAINT `fk_kategori_artikel` FOREIGN KEY (`id_kategori`) REFERENCES `kategori` (`id_kategori`))
in SYSTEMPATH\Database\MySQLi\Connection.php on line 327.
 1 SYSTEMPATH\Database\MySQLi\Connection.php(327): mysqli->query('INSERT INTO `artikel` (`judul`, `isi`) VALUES (\'Rahasia Sehat Tanpa Repot: 5 Keajaiban Olahraga Ringan yang Sering Diremehkan\', \'Banyak orang mengira olahraga harus intens dan melelahkan untuk berdampak. Padahal, konsistensi melakukan gerakan ringan justru kunci kesehatan jangka panjang. Berikut 5 manfaat ajaib olahraga ringan yang bisa Anda dapatkan mulai hari ini:\\n\\nPembangkit Mood Instan & Pengusir Stres:\\nAktivitas fisik ringan seperti jalan cepat atau bersepeda santai memicu produksi endorfin dan serotonin—hormon alami peningkat suasana hati. Hanya 15-20 menit saja bisa mengurangi kecemasan, membuat pikiran lebih jernih, dan memberi energi positif sepanjang hari.\\n\\nJantung Kuat & Tekanan Darah Terjaga:\\nOlahraga ringan secara teratur (seperti berenang pelan atau senam aerobik low-impact) melatih jantung bekerja lebih efisien. Ini membantu menurunkan tekanan darah, mengurangi risiko stroke, dan memperlancar sirkulasi darah tanpa membebani tubuh.\\n\\nPenjaga Berat Badan & Pengendali Nafsu Makan:\\nGerakan konsisten membakar kalori bertahap dan meningkatkan metabolisme. Bonusnya: olahraga ringan membantu menyeimbangkan hormon pengatur lapar (ghrelin dan leptin), sehingga Anda lebih mudah mengontrol keinginan ngemil berlebihan.\\n\\nPeningkat Kualitas Tidur & Penambah Energi:\\nRutin bergerak membantu mengatur ritme sirkadian (jam biologis tubuh). Olahraga pagi atau sore memberi sinyal jelas pada tubuh kapan waktunya beraktivitas dan kapan harus beristirahat. Hasilnya? Tidur lebih nyenyak dan bangun pagi lebih segar!\\n\\nPelindung Sendi & Peningkat Mobilitas:\\nAktivitas low-impact seperti yoga, tai chi, atau jalan kaki memelihara kelenturan sendi dan kekuatan otot pendukungnya. Gerakan teratur juga memproduksi cairan pelumas sendi alami, mengurangi kekakuan, dan mencegah nyeri kronis seiring usia.\\n\\nKesimpulan:\\nAnda tak perlu jadi atlet untuk hidup sehat. Konsistensi mengalahkan intensitas. Mulailah dengan hal kecil:\\n\\nParkir lebih jauh dari pintu masuk\\n\\nNaik tangga ketimbang lift\\n\\nJalan kaki 10 menit setelah makan malam\\n\\nIkuti video senam ringan 15 menit di rumah\\n\\nRahasia sesungguhnya? Olahraga ringan yang dilakukan rutin jauh lebih bermakna daripada sesi berat yang hanya bertahan seminggu. Dengarkan tubuh, nikmati prosesnya, dan sambut hidup yang lebih gesit dan berenergi! ✨\\n\\n\\"Gerakan sekecil apa pun, jika konsisten, adalah investasi tak ternilai untuk tubuhmu di masa depan.\\"\\n\')', 0)
 2 SYSTEMPATH\Database\BaseConnection.php(738): CodeIgniter\Database\MySQLi\Connection->execute('INSERT INTO `artikel` (`judul`, `isi`) VALUES (\'Rahasia Sehat Tanpa Repot: 5 Keajaiban Olahraga Ringan yang Sering Diremehkan\', \'Banyak orang mengira olahraga harus intens dan melelahkan untuk berdampak. Padahal, konsistensi melakukan gerakan ringan justru kunci kesehatan jangka panjang. Berikut 5 manfaat ajaib olahraga ringan yang bisa Anda dapatkan mulai hari ini:\\n\\nPembangkit Mood Instan & Pengusir Stres:\\nAktivitas fisik ringan seperti jalan cepat atau bersepeda santai memicu produksi endorfin dan serotonin—hormon alami peningkat suasana hati. Hanya 15-20 menit saja bisa mengurangi kecemasan, membuat pikiran lebih jernih, dan memberi energi positif sepanjang hari.\\n\\nJantung Kuat & Tekanan Darah Terjaga:\\nOlahraga ringan secara teratur (seperti berenang pelan atau senam aerobik low-impact) melatih jantung bekerja lebih efisien. Ini membantu menurunkan tekanan darah, mengurangi risiko stroke, dan memperlancar sirkulasi darah tanpa membebani tubuh.\\n\\nPenjaga Berat Badan & Pengendali Nafsu Makan:\\nGerakan konsisten membakar kalori bertahap dan meningkatkan metabolisme. Bonusnya: olahraga ringan membantu menyeimbangkan hormon pengatur lapar (ghrelin dan leptin), sehingga Anda lebih mudah mengontrol keinginan ngemil berlebihan.\\n\\nPeningkat Kualitas Tidur & Penambah Energi:\\nRutin bergerak membantu mengatur ritme sirkadian (jam biologis tubuh). Olahraga pagi atau sore memberi sinyal jelas pada tubuh kapan waktunya beraktivitas dan kapan harus beristirahat. Hasilnya? Tidur lebih nyenyak dan bangun pagi lebih segar!\\n\\nPelindung Sendi & Peningkat Mobilitas:\\nAktivitas low-impact seperti yoga, tai chi, atau jalan kaki memelihara kelenturan sendi dan kekuatan otot pendukungnya. Gerakan teratur juga memproduksi cairan pelumas sendi alami, mengurangi kekakuan, dan mencegah nyeri kronis seiring usia.\\n\\nKesimpulan:\\nAnda tak perlu jadi atlet untuk hidup sehat. Konsistensi mengalahkan intensitas. Mulailah dengan hal kecil:\\n\\nParkir lebih jauh dari pintu masuk\\n\\nNaik tangga ketimbang lift\\n\\nJalan kaki 10 menit setelah makan malam\\n\\nIkuti video senam ringan 15 menit di rumah\\n\\nRahasia sesungguhnya? Olahraga ringan yang dilakukan rutin jauh lebih bermakna daripada sesi berat yang hanya bertahan seminggu. Dengarkan tubuh, nikmati prosesnya, dan sambut hidup yang lebih gesit dan berenergi! ✨\\n\\n\\"Gerakan sekecil apa pun, jika konsisten, adalah investasi tak ternilai untuk tubuhmu di masa depan.\\"\\n\')')
 3 SYSTEMPATH\Database\BaseConnection.php(652): CodeIgniter\Database\BaseConnection->simpleQuery('INSERT INTO `artikel` (`judul`, `isi`) VALUES (\'Rahasia Sehat Tanpa Repot: 5 Keajaiban Olahraga Ringan yang Sering Diremehkan\', \'Banyak orang mengira olahraga harus intens dan melelahkan untuk berdampak. Padahal, konsistensi melakukan gerakan ringan justru kunci kesehatan jangka panjang. Berikut 5 manfaat ajaib olahraga ringan yang bisa Anda dapatkan mulai hari ini:\\n\\nPembangkit Mood Instan & Pengusir Stres:\\nAktivitas fisik ringan seperti jalan cepat atau bersepeda santai memicu produksi endorfin dan serotonin—hormon alami peningkat suasana hati. Hanya 15-20 menit saja bisa mengurangi kecemasan, membuat pikiran lebih jernih, dan memberi energi positif sepanjang hari.\\n\\nJantung Kuat & Tekanan Darah Terjaga:\\nOlahraga ringan secara teratur (seperti berenang pelan atau senam aerobik low-impact) melatih jantung bekerja lebih efisien. Ini membantu menurunkan tekanan darah, mengurangi risiko stroke, dan memperlancar sirkulasi darah tanpa membebani tubuh.\\n\\nPenjaga Berat Badan & Pengendali Nafsu Makan:\\nGerakan konsisten membakar kalori bertahap dan meningkatkan metabolisme. Bonusnya: olahraga ringan membantu menyeimbangkan hormon pengatur lapar (ghrelin dan leptin), sehingga Anda lebih mudah mengontrol keinginan ngemil berlebihan.\\n\\nPeningkat Kualitas Tidur & Penambah Energi:\\nRutin bergerak membantu mengatur ritme sirkadian (jam biologis tubuh). Olahraga pagi atau sore memberi sinyal jelas pada tubuh kapan waktunya beraktivitas dan kapan harus beristirahat. Hasilnya? Tidur lebih nyenyak dan bangun pagi lebih segar!\\n\\nPelindung Sendi & Peningkat Mobilitas:\\nAktivitas low-impact seperti yoga, tai chi, atau jalan kaki memelihara kelenturan sendi dan kekuatan otot pendukungnya. Gerakan teratur juga memproduksi cairan pelumas sendi alami, mengurangi kekakuan, dan mencegah nyeri kronis seiring usia.\\n\\nKesimpulan:\\nAnda tak perlu jadi atlet untuk hidup sehat. Konsistensi mengalahkan intensitas. Mulailah dengan hal kecil:\\n\\nParkir lebih jauh dari pintu masuk\\n\\nNaik tangga ketimbang lift\\n\\nJalan kaki 10 menit setelah makan malam\\n\\nIkuti video senam ringan 15 menit di rumah\\n\\nRahasia sesungguhnya? Olahraga ringan yang dilakukan rutin jauh lebih bermakna daripada sesi berat yang hanya bertahan seminggu. Dengarkan tubuh, nikmati prosesnya, dan sambut hidup yang lebih gesit dan berenergi! ✨\\n\\n\\"Gerakan sekecil apa pun, jika konsisten, adalah investasi tak ternilai untuk tubuhmu di masa depan.\\"\\n\')')
 4 SYSTEMPATH\Database\BaseBuilder.php(2345): CodeIgniter\Database\BaseConnection->query('INSERT INTO `artikel` (`judul`, `isi`) VALUES (:judul:, :isi:)', [...], false)
 5 SYSTEMPATH\Model.php(394): CodeIgniter\Database\BaseBuilder->insert()
 6 SYSTEMPATH\BaseModel.php(839): CodeIgniter\Model->doInsert([...])
 7 SYSTEMPATH\Model.php(800): CodeIgniter\BaseModel->insert([...], true)
 8 APPPATH\Controllers\Post.php(27): CodeIgniter\Model->insert([...])
 9 SYSTEMPATH\CodeIgniter.php(933): App\Controllers\Post->create()
10 SYSTEMPATH\CodeIgniter.php(507): CodeIgniter\CodeIgniter->runController(Object(App\Controllers\Post))
11 SYSTEMPATH\CodeIgniter.php(354): CodeIgniter\CodeIgniter->handleRequest(null, Object(Config\Cache), false)
12 SYSTEMPATH\Boot.php(334): CodeIgniter\CodeIgniter->run()
13 SYSTEMPATH\Boot.php(67): CodeIgniter\Boot::runCodeIgniter(Object(CodeIgniter\CodeIgniter))
14 FCPATH\index.php(56): CodeIgniter\Boot::bootWeb(Object(Config\Paths))
DEBUG - 2025-07-07 02:20:23 --> Session: Class initialized using 'CodeIgniter\Session\Handlers\FileHandler' driver.
DEBUG - 2025-07-07 02:20:45 --> Session: Class initialized using 'CodeIgniter\Session\Handlers\FileHandler' driver.
ERROR - 2025-07-07 02:21:31 --> mysqli_sql_exception: Cannot add or update a child row: a foreign key constraint fails (`lab_ci4`.`artikel`, CONSTRAINT `fk_kategori_artikel` FOREIGN KEY (`id_kategori`) REFERENCES `kategori` (`id_kategori`)) in C:\xampp\htdocs\lab11_ci\ci4\system\Database\MySQLi\Connection.php:327
Stack trace:
#0 C:\xampp\htdocs\lab11_ci\ci4\system\Database\MySQLi\Connection.php(327): mysqli->query('INSERT INTO `ar...', 0)
#1 C:\xampp\htdocs\lab11_ci\ci4\system\Database\BaseConnection.php(738): CodeIgniter\Database\MySQLi\Connection->execute('INSERT INTO `ar...')
#2 C:\xampp\htdocs\lab11_ci\ci4\system\Database\BaseConnection.php(652): CodeIgniter\Database\BaseConnection->simpleQuery('INSERT INTO `ar...')
#3 C:\xampp\htdocs\lab11_ci\ci4\system\Database\BaseBuilder.php(2345): CodeIgniter\Database\BaseConnection->query('INSERT INTO `ar...', Array, false)
#4 C:\xampp\htdocs\lab11_ci\ci4\system\Model.php(394): CodeIgniter\Database\BaseBuilder->insert()
#5 C:\xampp\htdocs\lab11_ci\ci4\system\BaseModel.php(839): CodeIgniter\Model->doInsert(Array)
#6 C:\xampp\htdocs\lab11_ci\ci4\system\Model.php(800): CodeIgniter\BaseModel->insert(Array, true)
#7 C:\xampp\htdocs\lab11_ci\ci4\app\Controllers\Post.php(27): CodeIgniter\Model->insert(Array)
#8 C:\xampp\htdocs\lab11_ci\ci4\system\CodeIgniter.php(933): App\Controllers\Post->create()
#9 C:\xampp\htdocs\lab11_ci\ci4\system\CodeIgniter.php(507): CodeIgniter\CodeIgniter->runController(Object(App\Controllers\Post))
#10 C:\xampp\htdocs\lab11_ci\ci4\system\CodeIgniter.php(354): CodeIgniter\CodeIgniter->handleRequest(NULL, Object(Config\Cache), false)
#11 C:\xampp\htdocs\lab11_ci\ci4\system\Boot.php(334): CodeIgniter\CodeIgniter->run()
#12 C:\xampp\htdocs\lab11_ci\ci4\system\Boot.php(67): CodeIgniter\Boot::runCodeIgniter(Object(CodeIgniter\CodeIgniter))
#13 C:\xampp\htdocs\lab11_ci\ci4\public\index.php(56): CodeIgniter\Boot::bootWeb(Object(Config\Paths))
#14 {main}
CRITICAL - 2025-07-07 02:21:31 --> CodeIgniter\Database\Exceptions\DatabaseException: Cannot add or update a child row: a foreign key constraint fails (`lab_ci4`.`artikel`, CONSTRAINT `fk_kategori_artikel` FOREIGN KEY (`id_kategori`) REFERENCES `kategori` (`id_kategori`))
[Method: POST, Route: post]
in SYSTEMPATH\Database\BaseConnection.php on line 692.
 1 SYSTEMPATH\Database\BaseBuilder.php(2345): CodeIgniter\Database\BaseConnection->query('INSERT INTO `artikel` (`judul`, `isi`) VALUES (:judul:, :isi:)', [...], false)
 2 SYSTEMPATH\Model.php(394): CodeIgniter\Database\BaseBuilder->insert()
 3 SYSTEMPATH\BaseModel.php(839): CodeIgniter\Model->doInsert([...])
 4 SYSTEMPATH\Model.php(800): CodeIgniter\BaseModel->insert([...], true)
 5 APPPATH\Controllers\Post.php(27): CodeIgniter\Model->insert([...])
 6 SYSTEMPATH\CodeIgniter.php(933): App\Controllers\Post->create()
 7 SYSTEMPATH\CodeIgniter.php(507): CodeIgniter\CodeIgniter->runController(Object(App\Controllers\Post))
 8 SYSTEMPATH\CodeIgniter.php(354): CodeIgniter\CodeIgniter->handleRequest(null, Object(Config\Cache), false)
 9 SYSTEMPATH\Boot.php(334): CodeIgniter\CodeIgniter->run()
10 SYSTEMPATH\Boot.php(67): CodeIgniter\Boot::runCodeIgniter(Object(CodeIgniter\CodeIgniter))
11 FCPATH\index.php(56): CodeIgniter\Boot::bootWeb(Object(Config\Paths))
CRITICAL - 2025-07-07 02:21:31 --> [Caused by] CodeIgniter\Database\Exceptions\DatabaseException: Cannot add or update a child row: a foreign key constraint fails (`lab_ci4`.`artikel`, CONSTRAINT `fk_kategori_artikel` FOREIGN KEY (`id_kategori`) REFERENCES `kategori` (`id_kategori`))
in SYSTEMPATH\Database\MySQLi\Connection.php on line 332.
 1 SYSTEMPATH\Database\BaseConnection.php(738): CodeIgniter\Database\MySQLi\Connection->execute('INSERT INTO `artikel` (`judul`, `isi`) VALUES (\'Rahasia Sehat Tanpa Repot: 5 Keajaiban Olahraga Ringan yang Sering Diremehkan\', \'Banyak orang mengira olahraga harus intens dan melelahkan untuk berdampak. Padahal, konsistensi melakukan gerakan ringan justru kunci kesehatan jangka panjang. Berikut 5 manfaat ajaib olahraga ringan yang bisa Anda dapatkan mulai hari ini:\\n\\nPembangkit Mood Instan & Pengusir Stres:\\nAktivitas fisik ringan seperti jalan cepat atau bersepeda santai memicu produksi endorfin dan serotonin—hormon alami peningkat suasana hati. Hanya 15-20 menit saja bisa mengurangi kecemasan, membuat pikiran lebih jernih, dan memberi energi positif sepanjang hari.\\n\\nJantung Kuat & Tekanan Darah Terjaga:\\nOlahraga ringan secara teratur (seperti berenang pelan atau senam aerobik low-impact) melatih jantung bekerja lebih efisien. Ini membantu menurunkan tekanan darah, mengurangi risiko stroke, dan memperlancar sirkulasi darah tanpa membebani tubuh.\\n\\nPenjaga Berat Badan & Pengendali Nafsu Makan:\\nGerakan konsisten membakar kalori bertahap dan meningkatkan metabolisme. Bonusnya: olahraga ringan membantu menyeimbangkan hormon pengatur lapar (ghrelin dan leptin), sehingga Anda lebih mudah mengontrol keinginan ngemil berlebihan.\\n\\nPeningkat Kualitas Tidur & Penambah Energi:\\nRutin bergerak membantu mengatur ritme sirkadian (jam biologis tubuh). Olahraga pagi atau sore memberi sinyal jelas pada tubuh kapan waktunya beraktivitas dan kapan harus beristirahat. Hasilnya? Tidur lebih nyenyak dan bangun pagi lebih segar!\\n\\nPelindung Sendi & Peningkat Mobilitas:\\nAktivitas low-impact seperti yoga, tai chi, atau jalan kaki memelihara kelenturan sendi dan kekuatan otot pendukungnya. Gerakan teratur juga memproduksi cairan pelumas sendi alami, mengurangi kekakuan, dan mencegah nyeri kronis seiring usia.\\n\\nKesimpulan:\\nAnda tak perlu jadi atlet untuk hidup sehat. Konsistensi mengalahkan intensitas. Mulailah dengan hal kecil:\\n\\nParkir lebih jauh dari pintu masuk\\n\\nNaik tangga ketimbang lift\\n\\nJalan kaki 10 menit setelah makan malam\\n\\nIkuti video senam ringan 15 menit di rumah\\n\\nRahasia sesungguhnya? Olahraga ringan yang dilakukan rutin jauh lebih bermakna daripada sesi berat yang hanya bertahan seminggu. Dengarkan tubuh, nikmati prosesnya, dan sambut hidup yang lebih gesit dan berenergi! ✨\\n\\n\\"Gerakan sekecil apa pun, jika konsisten, adalah investasi tak ternilai untuk tubuhmu di masa depan.\\"\')')
 2 SYSTEMPATH\Database\BaseConnection.php(652): CodeIgniter\Database\BaseConnection->simpleQuery('INSERT INTO `artikel` (`judul`, `isi`) VALUES (\'Rahasia Sehat Tanpa Repot: 5 Keajaiban Olahraga Ringan yang Sering Diremehkan\', \'Banyak orang mengira olahraga harus intens dan melelahkan untuk berdampak. Padahal, konsistensi melakukan gerakan ringan justru kunci kesehatan jangka panjang. Berikut 5 manfaat ajaib olahraga ringan yang bisa Anda dapatkan mulai hari ini:\\n\\nPembangkit Mood Instan & Pengusir Stres:\\nAktivitas fisik ringan seperti jalan cepat atau bersepeda santai memicu produksi endorfin dan serotonin—hormon alami peningkat suasana hati. Hanya 15-20 menit saja bisa mengurangi kecemasan, membuat pikiran lebih jernih, dan memberi energi positif sepanjang hari.\\n\\nJantung Kuat & Tekanan Darah Terjaga:\\nOlahraga ringan secara teratur (seperti berenang pelan atau senam aerobik low-impact) melatih jantung bekerja lebih efisien. Ini membantu menurunkan tekanan darah, mengurangi risiko stroke, dan memperlancar sirkulasi darah tanpa membebani tubuh.\\n\\nPenjaga Berat Badan & Pengendali Nafsu Makan:\\nGerakan konsisten membakar kalori bertahap dan meningkatkan metabolisme. Bonusnya: olahraga ringan membantu menyeimbangkan hormon pengatur lapar (ghrelin dan leptin), sehingga Anda lebih mudah mengontrol keinginan ngemil berlebihan.\\n\\nPeningkat Kualitas Tidur & Penambah Energi:\\nRutin bergerak membantu mengatur ritme sirkadian (jam biologis tubuh). Olahraga pagi atau sore memberi sinyal jelas pada tubuh kapan waktunya beraktivitas dan kapan harus beristirahat. Hasilnya? Tidur lebih nyenyak dan bangun pagi lebih segar!\\n\\nPelindung Sendi & Peningkat Mobilitas:\\nAktivitas low-impact seperti yoga, tai chi, atau jalan kaki memelihara kelenturan sendi dan kekuatan otot pendukungnya. Gerakan teratur juga memproduksi cairan pelumas sendi alami, mengurangi kekakuan, dan mencegah nyeri kronis seiring usia.\\n\\nKesimpulan:\\nAnda tak perlu jadi atlet untuk hidup sehat. Konsistensi mengalahkan intensitas. Mulailah dengan hal kecil:\\n\\nParkir lebih jauh dari pintu masuk\\n\\nNaik tangga ketimbang lift\\n\\nJalan kaki 10 menit setelah makan malam\\n\\nIkuti video senam ringan 15 menit di rumah\\n\\nRahasia sesungguhnya? Olahraga ringan yang dilakukan rutin jauh lebih bermakna daripada sesi berat yang hanya bertahan seminggu. Dengarkan tubuh, nikmati prosesnya, dan sambut hidup yang lebih gesit dan berenergi! ✨\\n\\n\\"Gerakan sekecil apa pun, jika konsisten, adalah investasi tak ternilai untuk tubuhmu di masa depan.\\"\')')
 3 SYSTEMPATH\Database\BaseBuilder.php(2345): CodeIgniter\Database\BaseConnection->query('INSERT INTO `artikel` (`judul`, `isi`) VALUES (:judul:, :isi:)', [...], false)
 4 SYSTEMPATH\Model.php(394): CodeIgniter\Database\BaseBuilder->insert()
 5 SYSTEMPATH\BaseModel.php(839): CodeIgniter\Model->doInsert([...])
 6 SYSTEMPATH\Model.php(800): CodeIgniter\BaseModel->insert([...], true)
 7 APPPATH\Controllers\Post.php(27): CodeIgniter\Model->insert([...])
 8 SYSTEMPATH\CodeIgniter.php(933): App\Controllers\Post->create()
 9 SYSTEMPATH\CodeIgniter.php(507): CodeIgniter\CodeIgniter->runController(Object(App\Controllers\Post))
10 SYSTEMPATH\CodeIgniter.php(354): CodeIgniter\CodeIgniter->handleRequest(null, Object(Config\Cache), false)
11 SYSTEMPATH\Boot.php(334): CodeIgniter\CodeIgniter->run()
12 SYSTEMPATH\Boot.php(67): CodeIgniter\Boot::runCodeIgniter(Object(CodeIgniter\CodeIgniter))
13 FCPATH\index.php(56): CodeIgniter\Boot::bootWeb(Object(Config\Paths))
CRITICAL - 2025-07-07 02:21:31 --> [Caused by] mysqli_sql_exception: Cannot add or update a child row: a foreign key constraint fails (`lab_ci4`.`artikel`, CONSTRAINT `fk_kategori_artikel` FOREIGN KEY (`id_kategori`) REFERENCES `kategori` (`id_kategori`))
in SYSTEMPATH\Database\MySQLi\Connection.php on line 327.
 1 SYSTEMPATH\Database\MySQLi\Connection.php(327): mysqli->query('INSERT INTO `artikel` (`judul`, `isi`) VALUES (\'Rahasia Sehat Tanpa Repot: 5 Keajaiban Olahraga Ringan yang Sering Diremehkan\', \'Banyak orang mengira olahraga harus intens dan melelahkan untuk berdampak. Padahal, konsistensi melakukan gerakan ringan justru kunci kesehatan jangka panjang. Berikut 5 manfaat ajaib olahraga ringan yang bisa Anda dapatkan mulai hari ini:\\n\\nPembangkit Mood Instan & Pengusir Stres:\\nAktivitas fisik ringan seperti jalan cepat atau bersepeda santai memicu produksi endorfin dan serotonin—hormon alami peningkat suasana hati. Hanya 15-20 menit saja bisa mengurangi kecemasan, membuat pikiran lebih jernih, dan memberi energi positif sepanjang hari.\\n\\nJantung Kuat & Tekanan Darah Terjaga:\\nOlahraga ringan secara teratur (seperti berenang pelan atau senam aerobik low-impact) melatih jantung bekerja lebih efisien. Ini membantu menurunkan tekanan darah, mengurangi risiko stroke, dan memperlancar sirkulasi darah tanpa membebani tubuh.\\n\\nPenjaga Berat Badan & Pengendali Nafsu Makan:\\nGerakan konsisten membakar kalori bertahap dan meningkatkan metabolisme. Bonusnya: olahraga ringan membantu menyeimbangkan hormon pengatur lapar (ghrelin dan leptin), sehingga Anda lebih mudah mengontrol keinginan ngemil berlebihan.\\n\\nPeningkat Kualitas Tidur & Penambah Energi:\\nRutin bergerak membantu mengatur ritme sirkadian (jam biologis tubuh). Olahraga pagi atau sore memberi sinyal jelas pada tubuh kapan waktunya beraktivitas dan kapan harus beristirahat. Hasilnya? Tidur lebih nyenyak dan bangun pagi lebih segar!\\n\\nPelindung Sendi & Peningkat Mobilitas:\\nAktivitas low-impact seperti yoga, tai chi, atau jalan kaki memelihara kelenturan sendi dan kekuatan otot pendukungnya. Gerakan teratur juga memproduksi cairan pelumas sendi alami, mengurangi kekakuan, dan mencegah nyeri kronis seiring usia.\\n\\nKesimpulan:\\nAnda tak perlu jadi atlet untuk hidup sehat. Konsistensi mengalahkan intensitas. Mulailah dengan hal kecil:\\n\\nParkir lebih jauh dari pintu masuk\\n\\nNaik tangga ketimbang lift\\n\\nJalan kaki 10 menit setelah makan malam\\n\\nIkuti video senam ringan 15 menit di rumah\\n\\nRahasia sesungguhnya? Olahraga ringan yang dilakukan rutin jauh lebih bermakna daripada sesi berat yang hanya bertahan seminggu. Dengarkan tubuh, nikmati prosesnya, dan sambut hidup yang lebih gesit dan berenergi! ✨\\n\\n\\"Gerakan sekecil apa pun, jika konsisten, adalah investasi tak ternilai untuk tubuhmu di masa depan.\\"\')', 0)
 2 SYSTEMPATH\Database\BaseConnection.php(738): CodeIgniter\Database\MySQLi\Connection->execute('INSERT INTO `artikel` (`judul`, `isi`) VALUES (\'Rahasia Sehat Tanpa Repot: 5 Keajaiban Olahraga Ringan yang Sering Diremehkan\', \'Banyak orang mengira olahraga harus intens dan melelahkan untuk berdampak. Padahal, konsistensi melakukan gerakan ringan justru kunci kesehatan jangka panjang. Berikut 5 manfaat ajaib olahraga ringan yang bisa Anda dapatkan mulai hari ini:\\n\\nPembangkit Mood Instan & Pengusir Stres:\\nAktivitas fisik ringan seperti jalan cepat atau bersepeda santai memicu produksi endorfin dan serotonin—hormon alami peningkat suasana hati. Hanya 15-20 menit saja bisa mengurangi kecemasan, membuat pikiran lebih jernih, dan memberi energi positif sepanjang hari.\\n\\nJantung Kuat & Tekanan Darah Terjaga:\\nOlahraga ringan secara teratur (seperti berenang pelan atau senam aerobik low-impact) melatih jantung bekerja lebih efisien. Ini membantu menurunkan tekanan darah, mengurangi risiko stroke, dan memperlancar sirkulasi darah tanpa membebani tubuh.\\n\\nPenjaga Berat Badan & Pengendali Nafsu Makan:\\nGerakan konsisten membakar kalori bertahap dan meningkatkan metabolisme. Bonusnya: olahraga ringan membantu menyeimbangkan hormon pengatur lapar (ghrelin dan leptin), sehingga Anda lebih mudah mengontrol keinginan ngemil berlebihan.\\n\\nPeningkat Kualitas Tidur & Penambah Energi:\\nRutin bergerak membantu mengatur ritme sirkadian (jam biologis tubuh). Olahraga pagi atau sore memberi sinyal jelas pada tubuh kapan waktunya beraktivitas dan kapan harus beristirahat. Hasilnya? Tidur lebih nyenyak dan bangun pagi lebih segar!\\n\\nPelindung Sendi & Peningkat Mobilitas:\\nAktivitas low-impact seperti yoga, tai chi, atau jalan kaki memelihara kelenturan sendi dan kekuatan otot pendukungnya. Gerakan teratur juga memproduksi cairan pelumas sendi alami, mengurangi kekakuan, dan mencegah nyeri kronis seiring usia.\\n\\nKesimpulan:\\nAnda tak perlu jadi atlet untuk hidup sehat. Konsistensi mengalahkan intensitas. Mulailah dengan hal kecil:\\n\\nParkir lebih jauh dari pintu masuk\\n\\nNaik tangga ketimbang lift\\n\\nJalan kaki 10 menit setelah makan malam\\n\\nIkuti video senam ringan 15 menit di rumah\\n\\nRahasia sesungguhnya? Olahraga ringan yang dilakukan rutin jauh lebih bermakna daripada sesi berat yang hanya bertahan seminggu. Dengarkan tubuh, nikmati prosesnya, dan sambut hidup yang lebih gesit dan berenergi! ✨\\n\\n\\"Gerakan sekecil apa pun, jika konsisten, adalah investasi tak ternilai untuk tubuhmu di masa depan.\\"\')')
 3 SYSTEMPATH\Database\BaseConnection.php(652): CodeIgniter\Database\BaseConnection->simpleQuery('INSERT INTO `artikel` (`judul`, `isi`) VALUES (\'Rahasia Sehat Tanpa Repot: 5 Keajaiban Olahraga Ringan yang Sering Diremehkan\', \'Banyak orang mengira olahraga harus intens dan melelahkan untuk berdampak. Padahal, konsistensi melakukan gerakan ringan justru kunci kesehatan jangka panjang. Berikut 5 manfaat ajaib olahraga ringan yang bisa Anda dapatkan mulai hari ini:\\n\\nPembangkit Mood Instan & Pengusir Stres:\\nAktivitas fisik ringan seperti jalan cepat atau bersepeda santai memicu produksi endorfin dan serotonin—hormon alami peningkat suasana hati. Hanya 15-20 menit saja bisa mengurangi kecemasan, membuat pikiran lebih jernih, dan memberi energi positif sepanjang hari.\\n\\nJantung Kuat & Tekanan Darah Terjaga:\\nOlahraga ringan secara teratur (seperti berenang pelan atau senam aerobik low-impact) melatih jantung bekerja lebih efisien. Ini membantu menurunkan tekanan darah, mengurangi risiko stroke, dan memperlancar sirkulasi darah tanpa membebani tubuh.\\n\\nPenjaga Berat Badan & Pengendali Nafsu Makan:\\nGerakan konsisten membakar kalori bertahap dan meningkatkan metabolisme. Bonusnya: olahraga ringan membantu menyeimbangkan hormon pengatur lapar (ghrelin dan leptin), sehingga Anda lebih mudah mengontrol keinginan ngemil berlebihan.\\n\\nPeningkat Kualitas Tidur & Penambah Energi:\\nRutin bergerak membantu mengatur ritme sirkadian (jam biologis tubuh). Olahraga pagi atau sore memberi sinyal jelas pada tubuh kapan waktunya beraktivitas dan kapan harus beristirahat. Hasilnya? Tidur lebih nyenyak dan bangun pagi lebih segar!\\n\\nPelindung Sendi & Peningkat Mobilitas:\\nAktivitas low-impact seperti yoga, tai chi, atau jalan kaki memelihara kelenturan sendi dan kekuatan otot pendukungnya. Gerakan teratur juga memproduksi cairan pelumas sendi alami, mengurangi kekakuan, dan mencegah nyeri kronis seiring usia.\\n\\nKesimpulan:\\nAnda tak perlu jadi atlet untuk hidup sehat. Konsistensi mengalahkan intensitas. Mulailah dengan hal kecil:\\n\\nParkir lebih jauh dari pintu masuk\\n\\nNaik tangga ketimbang lift\\n\\nJalan kaki 10 menit setelah makan malam\\n\\nIkuti video senam ringan 15 menit di rumah\\n\\nRahasia sesungguhnya? Olahraga ringan yang dilakukan rutin jauh lebih bermakna daripada sesi berat yang hanya bertahan seminggu. Dengarkan tubuh, nikmati prosesnya, dan sambut hidup yang lebih gesit dan berenergi! ✨\\n\\n\\"Gerakan sekecil apa pun, jika konsisten, adalah investasi tak ternilai untuk tubuhmu di masa depan.\\"\')')
 4 SYSTEMPATH\Database\BaseBuilder.php(2345): CodeIgniter\Database\BaseConnection->query('INSERT INTO `artikel` (`judul`, `isi`) VALUES (:judul:, :isi:)', [...], false)
 5 SYSTEMPATH\Model.php(394): CodeIgniter\Database\BaseBuilder->insert()
 6 SYSTEMPATH\BaseModel.php(839): CodeIgniter\Model->doInsert([...])
 7 SYSTEMPATH\Model.php(800): CodeIgniter\BaseModel->insert([...], true)
 8 APPPATH\Controllers\Post.php(27): CodeIgniter\Model->insert([...])
 9 SYSTEMPATH\CodeIgniter.php(933): App\Controllers\Post->create()
10 SYSTEMPATH\CodeIgniter.php(507): CodeIgniter\CodeIgniter->runController(Object(App\Controllers\Post))
11 SYSTEMPATH\CodeIgniter.php(354): CodeIgniter\CodeIgniter->handleRequest(null, Object(Config\Cache), false)
12 SYSTEMPATH\Boot.php(334): CodeIgniter\CodeIgniter->run()
13 SYSTEMPATH\Boot.php(67): CodeIgniter\Boot::runCodeIgniter(Object(CodeIgniter\CodeIgniter))
14 FCPATH\index.php(56): CodeIgniter\Boot::bootWeb(Object(Config\Paths))
DEBUG - 2025-07-07 02:23:29 --> Session: Class initialized using 'CodeIgniter\Session\Handlers\FileHandler' driver.
DEBUG - 2025-07-07 02:23:29 --> Session: Class initialized using 'CodeIgniter\Session\Handlers\FileHandler' driver.
DEBUG - 2025-07-07 02:23:30 --> Session: Class initialized using 'CodeIgniter\Session\Handlers\FileHandler' driver.
DEBUG - 2025-07-07 02:23:51 --> Session: Class initialized using 'CodeIgniter\Session\Handlers\FileHandler' driver.
DEBUG - 2025-07-07 02:23:51 --> Session: Class initialized using 'CodeIgniter\Session\Handlers\FileHandler' driver.
DEBUG - 2025-07-07 02:23:52 --> Session: Class initialized using 'CodeIgniter\Session\Handlers\FileHandler' driver.
DEBUG - 2025-07-07 02:23:53 --> Session: Class initialized using 'CodeIgniter\Session\Handlers\FileHandler' driver.
DEBUG - 2025-07-07 02:24:05 --> Session: Class initialized using 'CodeIgniter\Session\Handlers\FileHandler' driver.
DEBUG - 2025-07-07 02:24:05 --> Session: Class initialized using 'CodeIgniter\Session\Handlers\FileHandler' driver.
DEBUG - 2025-07-07 02:24:11 --> Session: Class initialized using 'CodeIgniter\Session\Handlers\FileHandler' driver.
DEBUG - 2025-07-07 02:24:11 --> Session: Class initialized using 'CodeIgniter\Session\Handlers\FileHandler' driver.
DEBUG - 2025-07-07 02:24:37 --> Session: Class initialized using 'CodeIgniter\Session\Handlers\FileHandler' driver.
DEBUG - 2025-07-07 02:24:37 --> Session: Class initialized using 'CodeIgniter\Session\Handlers\FileHandler' driver.
DEBUG - 2025-07-07 02:24:42 --> Session: Class initialized using 'CodeIgniter\Session\Handlers\FileHandler' driver.
DEBUG - 2025-07-07 02:24:42 --> Session: Class initialized using 'CodeIgniter\Session\Handlers\FileHandler' driver.
DEBUG - 2025-07-07 02:24:42 --> Session: Class initialized using 'CodeIgniter\Session\Handlers\FileHandler' driver.
DEBUG - 2025-07-07 02:24:46 --> Session: Class initialized using 'CodeIgniter\Session\Handlers\FileHandler' driver.
DEBUG - 2025-07-07 02:24:46 --> Session: Class initialized using 'CodeIgniter\Session\Handlers\FileHandler' driver.
DEBUG - 2025-07-07 02:24:46 --> Session: Class initialized using 'CodeIgniter\Session\Handlers\FileHandler' driver.
DEBUG - 2025-07-07 02:56:13 --> Session: Class initialized using 'CodeIgniter\Session\Handlers\FileHandler' driver.
DEBUG - 2025-07-07 02:56:42 --> Session: Class initialized using 'CodeIgniter\Session\Handlers\FileHandler' driver.
DEBUG - 2025-07-07 02:56:43 --> Session: Class initialized using 'CodeIgniter\Session\Handlers\FileHandler' driver.
DEBUG - 2025-07-07 02:56:43 --> Session: Class initialized using 'CodeIgniter\Session\Handlers\FileHandler' driver.
DEBUG - 2025-07-07 03:12:36 --> Session: Class initialized using 'CodeIgniter\Session\Handlers\FileHandler' driver.
DEBUG - 2025-07-07 03:14:59 --> Session: Class initialized using 'CodeIgniter\Session\Handlers\FileHandler' driver.
DEBUG - 2025-07-07 03:14:59 --> Session: Class initialized using 'CodeIgniter\Session\Handlers\FileHandler' driver.
DEBUG - 2025-07-07 03:15:00 --> Session: Class initialized using 'CodeIgniter\Session\Handlers\FileHandler' driver.
DEBUG - 2025-07-07 03:15:24 --> Session: Class initialized using 'CodeIgniter\Session\Handlers\FileHandler' driver.
DEBUG - 2025-07-07 03:15:24 --> Session: Class initialized using 'CodeIgniter\Session\Handlers\FileHandler' driver.
DEBUG - 2025-07-07 03:22:20 --> Session: Class initialized using 'CodeIgniter\Session\Handlers\FileHandler' driver.
DEBUG - 2025-07-07 03:22:21 --> Session: Class initialized using 'CodeIgniter\Session\Handlers\FileHandler' driver.
DEBUG - 2025-07-07 03:53:32 --> Session: Class initialized using 'CodeIgniter\Session\Handlers\FileHandler' driver.
DEBUG - 2025-07-07 03:53:33 --> Session: Class initialized using 'CodeIgniter\Session\Handlers\FileHandler' driver.
DEBUG - 2025-07-07 04:01:54 --> Session: Class initialized using 'CodeIgniter\Session\Handlers\FileHandler' driver.
DEBUG - 2025-07-07 04:03:03 --> Session: Class initialized using 'CodeIgniter\Session\Handlers\FileHandler' driver.
DEBUG - 2025-07-07 04:03:03 --> Session: Class initialized using 'CodeIgniter\Session\Handlers\FileHandler' driver.
DEBUG - 2025-07-07 04:03:03 --> Session: Class initialized using 'CodeIgniter\Session\Handlers\FileHandler' driver.
DEBUG - 2025-07-07 04:05:54 --> Session: Class initialized using 'CodeIgniter\Session\Handlers\FileHandler' driver.
DEBUG - 2025-07-07 04:05:55 --> Session: Class initialized using 'CodeIgniter\Session\Handlers\FileHandler' driver.
DEBUG - 2025-07-07 04:06:11 --> Session: Class initialized using 'CodeIgniter\Session\Handlers\FileHandler' driver.
DEBUG - 2025-07-07 04:07:03 --> Session: Class initialized using 'CodeIgniter\Session\Handlers\FileHandler' driver.
DEBUG - 2025-07-07 04:07:04 --> Session: Class initialized using 'CodeIgniter\Session\Handlers\FileHandler' driver.
DEBUG - 2025-07-07 04:07:04 --> Session: Class initialized using 'CodeIgniter\Session\Handlers\FileHandler' driver.
DEBUG - 2025-07-07 04:07:54 --> Session: Class initialized using 'CodeIgniter\Session\Handlers\FileHandler' driver.
DEBUG - 2025-07-07 04:07:55 --> Session: Class initialized using 'CodeIgniter\Session\Handlers\FileHandler' driver.
DEBUG - 2025-07-07 04:10:27 --> Session: Class initialized using 'CodeIgniter\Session\Handlers\FileHandler' driver.
DEBUG - 2025-07-07 04:11:57 --> Session: Class initialized using 'CodeIgniter\Session\Handlers\FileHandler' driver.
DEBUG - 2025-07-07 04:11:57 --> Session: Class initialized using 'CodeIgniter\Session\Handlers\FileHandler' driver.
DEBUG - 2025-07-07 04:11:58 --> Session: Class initialized using 'CodeIgniter\Session\Handlers\FileHandler' driver.
DEBUG - 2025-07-07 04:12:03 --> Session: Class initialized using 'CodeIgniter\Session\Handlers\FileHandler' driver.
DEBUG - 2025-07-07 04:12:12 --> Session: Class initialized using 'CodeIgniter\Session\Handlers\FileHandler' driver.
DEBUG - 2025-07-07 04:12:13 --> Session: Class initialized using 'CodeIgniter\Session\Handlers\FileHandler' driver.
DEBUG - 2025-07-07 04:12:17 --> Session: Class initialized using 'CodeIgniter\Session\Handlers\FileHandler' driver.
DEBUG - 2025-07-07 04:12:17 --> Session: Class initialized using 'CodeIgniter\Session\Handlers\FileHandler' driver.
DEBUG - 2025-07-07 04:12:37 --> Session: Class initialized using 'CodeIgniter\Session\Handlers\FileHandler' driver.
DEBUG - 2025-07-07 04:12:37 --> Session: Class initialized using 'CodeIgniter\Session\Handlers\FileHandler' driver.
DEBUG - 2025-07-07 04:12:38 --> Session: Class initialized using 'CodeIgniter\Session\Handlers\FileHandler' driver.
DEBUG - 2025-07-07 04:12:44 --> Session: Class initialized using 'CodeIgniter\Session\Handlers\FileHandler' driver.
DEBUG - 2025-07-07 04:12:44 --> Session: Class initialized using 'CodeIgniter\Session\Handlers\FileHandler' driver.
DEBUG - 2025-07-07 04:12:44 --> Session: Class initialized using 'CodeIgniter\Session\Handlers\FileHandler' driver.
DEBUG - 2025-07-07 04:18:00 --> Session: Class initialized using 'CodeIgniter\Session\Handlers\FileHandler' driver.
DEBUG - 2025-07-07 04:18:01 --> Session: Class initialized using 'CodeIgniter\Session\Handlers\FileHandler' driver.
DEBUG - 2025-07-07 04:18:09 --> Session: Class initialized using 'CodeIgniter\Session\Handlers\FileHandler' driver.
DEBUG - 2025-07-07 04:18:09 --> Session: Class initialized using 'CodeIgniter\Session\Handlers\FileHandler' driver.
DEBUG - 2025-07-07 06:28:14 --> Session: Class initialized using 'CodeIgniter\Session\Handlers\FileHandler' driver.
DEBUG - 2025-07-07 06:28:14 --> Session: Class initialized using 'CodeIgniter\Session\Handlers\FileHandler' driver.
